Global RMG Settings:
   database.directory   = /Users/lee.ting/Code/RMG-database/input (Default, relative to RMG-Py source code)
   test_data.directory  = /Users/lee.ting/Code/RMG-Py/rmgpy/test_data (Default, relative to RMG-Py source code)
RMG execution initiated at Tue Jun  8 21:52:01 2021

#########################################################
# RMG-Py - Reaction Mechanism Generator in Python       #
# Version: 3.1.0                                        #
# Authors: RMG Developers (rmg_dev@mit.edu)             #
# P.I.s:   William H. Green (whgreen@mit.edu)           #
#          Richard H. West (r.west@neu.edu)             #
# Website: http://reactionmechanismgenerator.github.io/ #
#########################################################

The current git HEAD for RMG-Py is:
	b'b4c8391daf8476b780e8a83f6efde434a6bd1711'
	b'Sat Jun 5 00:16:11 2021 -0400'

The current git HEAD for RMG-database is:
	b'33b14baf60463f19a1bbb9d802c958986cbbcc88'
	b'Fri May 14 12:17:20 2021 -0400'

Reading input file "/Users/lee.ting/Code/Test/Rebrov/master/673K/673K_O088N0066/input.py"...
# Microkinetic model for ammonia oxidation
# E.V. Rebrov, M.H.J.M. de Croon, J.C. Schouten
# Development of the kinetic model of platinum catalyzed ammonia oxidation in a microreactor
# Chemical Engineering Journal 90 (2002) 61–76

database(
    thermoLibraries=['surfaceThermoPt111', 'primaryThermoLibrary', 'thermo_DFT_CCSDTF12_BAC','DFT_QCI_thermo', 'GRI-Mech3.0-N', 'NitrogenCurran', 'primaryNS', 'CHON'],
    reactionLibraries = ['Surface/CPOX_Pt/Deutschmann2006','Surface/Nitrogen'],
    seedMechanisms = [],
    kineticsDepositories = ['training'],
    kineticsFamilies = ['surface','default'],
    kineticsEstimator = 'rate rules',
)

catalystProperties(
    metal = 'Pt111'
)

generatedSpeciesConstraints(
    allowed=['input species','seed mechanisms','reaction libraries'],
    maximumNitrogenAtoms=2,
    maximumOxygenAtoms=3,
)

# List of species
species(
    label='X',
    reactive=True,
    structure=adjacencyList("1 X u0"),
)

species(
    label='O2',
    reactive=True,
    structure=adjacencyList(
"""
multiplicity 3
1 O u1 p2 c0 {2,S}
2 O u1 p2 c0 {1,S}
"""),
)

species(
    label='H2O',
    reactive=True,
    structure=SMILES("O"),
)

species(
    label='N2',
    reactive=True,
    structure=SMILES("N#N"),
)

species(
    label='NO',
    reactive=True,
    structure=adjacencyList(
"""
multiplicity 2
1 N u1 p1 c0 {2,D}
2 O u0 p2 c0 {1,D}
"""),
)

species(
    label='NH3',
    reactive=True,
    structure=adjacencyList(
"""
1 N u0 p1 c0 {2,S} {3,S} {4,S}
2 H u0 p0 c0 {1,S}
3 H u0 p0 c0 {1,S}
4 H u0 p0 c0 {1,S}
"""),
)

species(
    label='N2O',
    reactive=True,
    structure=adjacencyList(
"""
1 N u0 p2 c-1 {2,D}
2 N u0 p0 c+1 {1,D} {3,D}
3 O u0 p2 c0 {2,D}
"""),
)

species(
    label='He',
    reactive=False,
    structure=adjacencyList(
"""
1 He u0 p1 c0
"""),
)

#-------------

#temperature from 523-673K 
surfaceReactor(  
    temperature=(673,'K'),
    initialPressure=(1.0, 'bar'),
    nSims=12,
    initialGasMoleFractions={
        "NH3": 0.066,
        "O2": 0.88,
        "He": 0.054,
        "NO":0.0,
        "H2O":0.0,
        "N2O":0.0,
        "N2":0.0,
    },
    initialSurfaceCoverages={
        "X": 1.0,
    },
    surfaceVolumeRatio=(2.8571428e4, 'm^-1'), #A/V = 280µm*π*9mm/140µm*140µm*π*9mm = 2.8571428e4^m-1
    terminationConversion = {"NH3":0.99,},
    #terminationTime=(10, 's'),
)

simulator( #default for surface reaction atol=1e-18,rtol=1e-12
    atol=1e-18, #absolute tolerance are 1e-15 to 1e-25
    rtol=1e-12, #relative tolerance is usually 1e-4 to 1e-8
)

model( 
    toleranceKeepInEdge=0.01, #recommend setting toleranceKeepInEdge to not be larger than 10% of toleranceMoveToCore
    toleranceMoveToCore=0.1, 
    toleranceInterruptSimulation=1e8, #This value should be set to be equal to toleranceMoveToCore unless the advanced pruning feature is desired
    #to always enable pruning should be set as a high value, e.g. 1e8
    maximumEdgeSpecies=5000, #set up less than 200000
    minCoreSizeForPrune=50, #default value
    #toleranceThermoKeepSpeciesInEdge=0.5, 
    minSpeciesExistIterationsForPrune=2, #default value = 2 iteration
)

options(
    units='si',
    saveRestartPeriod=None,
    generateOutputHTML=True,
    generatePlots=True, 
    saveEdgeSpecies=True,
    saveSimulationProfiles=True,
)
Using catalyst surface properties from metal 'Pt111'.
Using binding energies:
{'H': (-2.75368,'eV/molecule'), 'C': (-7.02516,'eV/molecule'), 'N': (-4.63225,'eV/molecule'), 'O': (-3.81153,'eV/molecule')}
Using surface site density: (2.483e-09,'mol/cm^2')

Surface reaction system 1
Gas phase mole fractions:
  NH3                  0.066
  O2                   0.88
  He                   0.054
  NO                   0
  H2O                  0
  N2O                  0
  N2                   0
Total gas phase:          1 moles
Pressure:                 1e+05 Pa
Temperature:              673.0 K
Reactor volume:           0.056 m3
Surface/volume ratio:     2.86e+04 m2/m3
Surface site density:     2.48e-05 mol/m2
Surface sites in reactor: 0.0397 moles
Initial surface coverages (and amounts):
  X                  1 = 0.039697 moles
Warning: Generate Output HTML option was turned on. Note that this will slow down model generation.
Warning: Edge species saving was turned on. This will slow down model generation for large simulations.

Loading transport library from GRI-Mech.py in /Users/lee.ting/Code/RMG-database/input/transport/libraries...
Loading transport library from OneDMinN2.py in /Users/lee.ting/Code/RMG-database/input/transport/libraries...
Loading transport library from NOx2018.py in /Users/lee.ting/Code/RMG-database/input/transport/libraries...
Loading transport library from NIST_Fluorine.py in /Users/lee.ting/Code/RMG-database/input/transport/libraries...
Loading transport library from PrimaryTransportLibrary.py in /Users/lee.ting/Code/RMG-database/input/transport/libraries...
Loading transport group database from /Users/lee.ting/Code/RMG-database/input/transport/groups...
Loading kinetics library Surface/CPOX_Pt/Deutschmann2006 from /Users/lee.ting/Code/RMG-database/input/kinetics/libraries/Surface/CPOX_Pt/Deutschmann2006/reactions.py...
Loading kinetics library Surface/Nitrogen from /Users/lee.ting/Code/RMG-database/input/kinetics/libraries/Surface/Nitrogen/reactions.py...
Loading frequencies group database from /Users/lee.ting/Code/RMG-database/input/statmech/groups...
Loading solvation thermodynamics group database from /Users/lee.ting/Code/RMG-database/input/solvation/groups...
Loading thermodynamics library from surfaceThermoPt111.py in /Users/lee.ting/Code/RMG-database/input/thermo/libraries...
Loading thermodynamics library from primaryThermoLibrary.py in /Users/lee.ting/Code/RMG-database/input/thermo/libraries...
Loading thermodynamics library from thermo_DFT_CCSDTF12_BAC.py in /Users/lee.ting/Code/RMG-database/input/thermo/libraries...
Loading thermodynamics library from DFT_QCI_thermo.py in /Users/lee.ting/Code/RMG-database/input/thermo/libraries...
Loading thermodynamics library from GRI-Mech3.0-N.py in /Users/lee.ting/Code/RMG-database/input/thermo/libraries...
Loading thermodynamics library from NitrogenCurran.py in /Users/lee.ting/Code/RMG-database/input/thermo/libraries...
Loading thermodynamics library from primaryNS.py in /Users/lee.ting/Code/RMG-database/input/thermo/libraries...
Loading thermodynamics library from CHON.py in /Users/lee.ting/Code/RMG-database/input/thermo/libraries...
Loading thermodynamics group database from /Users/lee.ting/Code/RMG-database/input/thermo/groups...
Trimolecular reactions are turned on
Adding rate rules from training set in kinetics families...
Warning: Found multiple binding energies for 'Cu'. Using 'Cu111'.
Warning: Found multiple binding energies for 'Cu'. Using 'Cu111'.
Warning: Found multiple binding energies for 'Cu'. Using 'Cu111'.
Warning: Found multiple binding energies for 'Cu'. Using 'Cu111'.
Warning: Found multiple binding energies for 'Cu'. Using 'Cu111'.
Warning: Found multiple binding energies for 'Cu'. Using 'Cu111'.
Warning: Found multiple binding energies for 'Cu'. Using 'Cu111'.
Warning: Found multiple binding energies for 'Cu'. Using 'Cu111'.
Warning: Found multiple binding energies for 'Cu'. Using 'Cu111'.
Warning: Found multiple binding energies for 'Cu'. Using 'Cu111'.
Warning: Found multiple binding energies for 'Cu'. Using 'Cu111'.
Warning: Found multiple binding energies for 'Cu'. Using 'Cu111'.
Warning: Cphigh is above the theoretical CpInf value for ThermoData object
ThermoData(Tdata=([300,400,500,600,800,1000,1500],'K'), Cpdata=([12.5,14.58,16.07,17.22,18.87,19.96,21.35],'cal/(mol*K)'), H298=(-69.7873,'kcal/mol'), S298=(27.26,'cal/(mol*K)'), Cp0=(33.2579,'J/(mol*K)'), CpInf=(83.1447,'J/(mol*K)'), label="""formyloxyX""", comment="""Gas phase thermo for formyloxy from Thermo library: thermo_DFT_CCSDTF12_BAC. Adsorption correction: + Thermo group additivity estimation: adsorptionPt111(O-*R) Binding energy corrected by LSR (0.50O) from Pt111""").
The thermo for this species is probably wrong! Setting CpInf = Cphigh for Entropy calculationat T = 2000.0 K...
Warning: Cphigh is above the theoretical CpInf value for ThermoData object
ThermoData(Tdata=([300,400,500,600,800,1000,1500],'K'), Cpdata=([11.54,14.52,16.98,18.92,21.57,23.27,25.39],'cal/(mol*K)'), H298=(-96.43,'kcal/mol'), S298=(26.4,'cal/(mol*K)'), Cp0=(33.2579,'J/(mol*K)'), CpInf=(103.931,'J/(mol*K)'), label="""formic_acid""", comment="""Gas phase thermo for formic_acid from Thermo library: thermo_DFT_CCSDTF12_BAC. Adsorption correction: + Thermo group additivity estimation: adsorptionPt111((CR2NR)*) Binding energy corrected by LSR () from Pt111""").
The thermo for this species is probably wrong! Setting CpInf = Cphigh for Entropy calculationat T = 2000.0 K...
Warning: Cphigh is above the theoretical CpInf value for ThermoData object
ThermoData(Tdata=([300,400,500,600,800,1000,1500],'K'), Cpdata=([12.5,14.58,16.07,17.22,18.87,19.96,21.35],'cal/(mol*K)'), H298=(-69.7873,'kcal/mol'), S298=(27.26,'cal/(mol*K)'), Cp0=(33.2579,'J/(mol*K)'), CpInf=(83.1447,'J/(mol*K)'), label="""formyloxyX""", comment="""Gas phase thermo for formyloxy from Thermo library: thermo_DFT_CCSDTF12_BAC. Adsorption correction: + Thermo group additivity estimation: adsorptionPt111(O-*R) Binding energy corrected by LSR (0.50O) from Pt111""").
The thermo for this species is probably wrong! Setting CpInf = Cphigh for Entropy calculationat T = 1666.6666666666665 K...
Warning: Cphigh is above the theoretical CpInf value for ThermoData object
ThermoData(Tdata=([300,400,500,600,800,1000,1500],'K'), Cpdata=([11.54,14.52,16.98,18.92,21.57,23.27,25.39],'cal/(mol*K)'), H298=(-96.43,'kcal/mol'), S298=(26.4,'cal/(mol*K)'), Cp0=(33.2579,'J/(mol*K)'), CpInf=(103.931,'J/(mol*K)'), label="""formic_acid""", comment="""Gas phase thermo for formic_acid from Thermo library: thermo_DFT_CCSDTF12_BAC. Adsorption correction: + Thermo group additivity estimation: adsorptionPt111((CR2NR)*) Binding energy corrected by LSR () from Pt111""").
The thermo for this species is probably wrong! Setting CpInf = Cphigh for Entropy calculationat T = 1666.6666666666665 K...
Warning: Found multiple binding energies for 'Cu'. Using 'Cu111'.
Warning: Found multiple binding energies for 'Cu'. Using 'Cu111'.
Warning: Found multiple binding energies for 'Cu'. Using 'Cu111'.
Warning: Found multiple binding energies for 'Cu'. Using 'Cu111'.
Warning: Found multiple binding energies for 'Cu'. Using 'Cu111'.
Warning: Found multiple binding energies for 'Cu'. Using 'Cu111'.
Warning: Found multiple binding energies for 'Cu'. Using 'Cu111'.
Warning: Found multiple binding energies for 'Cu'. Using 'Cu111'.
Warning: Cphigh is above the theoretical CpInf value for ThermoData object
ThermoData(Tdata=([300,400,500,600,800,1000,1500],'K'), Cpdata=([12.5,14.58,16.07,17.22,18.87,19.96,21.35],'cal/(mol*K)'), H298=(-69.7873,'kcal/mol'), S298=(27.26,'cal/(mol*K)'), Cp0=(33.2579,'J/(mol*K)'), CpInf=(83.1447,'J/(mol*K)'), label="""formyloxyX""", comment="""Gas phase thermo for formyloxy from Thermo library: thermo_DFT_CCSDTF12_BAC. Adsorption correction: + Thermo group additivity estimation: adsorptionPt111(O-*R) Binding energy corrected by LSR (0.50O) from Pt111""").
The thermo for this species is probably wrong! Setting CpInf = Cphigh for Entropy calculationat T = 2000.0 K...
Warning: Cphigh is above the theoretical CpInf value for ThermoData object
ThermoData(Tdata=([300,400,500,600,800,1000,1500],'K'), Cpdata=([12.5,14.58,16.07,17.22,18.87,19.96,21.35],'cal/(mol*K)'), H298=(-69.7873,'kcal/mol'), S298=(27.26,'cal/(mol*K)'), Cp0=(33.2579,'J/(mol*K)'), CpInf=(83.1447,'J/(mol*K)'), label="""formyloxyX""", comment="""Gas phase thermo for formyloxy from Thermo library: thermo_DFT_CCSDTF12_BAC. Adsorption correction: + Thermo group additivity estimation: adsorptionPt111(O-*R) Binding energy corrected by LSR (0.50O) from Pt111""").
The thermo for this species is probably wrong! Setting CpInf = Cphigh for Entropy calculationat T = 1666.6666666666665 K...
Warning: Found multiple binding energies for 'Cu'. Using 'Cu111'.
Warning: Found multiple binding energies for 'Cu'. Using 'Cu111'.
Warning: Found multiple binding energies for 'Cu'. Using 'Cu111'.
Warning: Found multiple binding energies for 'Cu'. Using 'Cu111'.
Warning: Cphigh is above the theoretical CpInf value for ThermoData object
ThermoData(Tdata=([300,400,500,600,800,1000,1500],'K'), Cpdata=([10.74,13.43,15.43,16.9,18.97,20.26,21.67],'cal/(mol*K)'), H298=(-73.536,'kcal/mol'), S298=(27.52,'cal/(mol*K)'), Cp0=(33.2579,'J/(mol*K)'), CpInf=(78.9875,'J/(mol*K)'), label="""HOCOX""", comment="""Gas phase thermo for HOCO from Thermo library: thermo_DFT_CCSDTF12_BAC. Adsorption correction: + Thermo group additivity estimation: adsorptionPt111(C-*R3) Binding energy corrected by LSR (0.25C) from Pt111""").
The thermo for this species is probably wrong! Setting CpInf = Cphigh for Entropy calculationat T = 2000.0 K...
Warning: Cphigh is above the theoretical CpInf value for ThermoData object
ThermoData(Tdata=([300,400,500,600,800,1000,1500],'K'), Cpdata=([10.09,11.57,12.64,13.46,14.64,15.43,16.43],'cal/(mol*K)'), H298=(-87.45,'kcal/mol'), S298=(28.54,'cal/(mol*K)'), Cp0=(29.1007,'J/(mol*K)'), CpInf=(62.3585,'J/(mol*K)'), label="""CO2""", comment="""Gas phase thermo for CO2 from Thermo library: thermo_DFT_CCSDTF12_BAC. Adsorption correction: + Thermo group additivity estimation: adsorptionPt111(R*vdW) Binding energy corrected by LSR () from Pt111""").
The thermo for this species is probably wrong! Setting CpInf = Cphigh for Entropy calculationat T = 2000.0 K...
Warning: Cphigh is above the theoretical CpInf value for ThermoData object
ThermoData(Tdata=([300,400,500,600,800,1000,1500],'K'), Cpdata=([10.74,13.43,15.43,16.9,18.97,20.26,21.67],'cal/(mol*K)'), H298=(-73.536,'kcal/mol'), S298=(27.52,'cal/(mol*K)'), Cp0=(33.2579,'J/(mol*K)'), CpInf=(78.9875,'J/(mol*K)'), label="""HOCOX""", comment="""Gas phase thermo for HOCO from Thermo library: thermo_DFT_CCSDTF12_BAC. Adsorption correction: + Thermo group additivity estimation: adsorptionPt111(C-*R3) Binding energy corrected by LSR (0.25C) from Pt111""").
The thermo for this species is probably wrong! Setting CpInf = Cphigh for Entropy calculationat T = 1666.6666666666665 K...
Warning: Cphigh is above the theoretical CpInf value for ThermoData object
ThermoData(Tdata=([300,400,500,600,800,1000,1500],'K'), Cpdata=([10.09,11.57,12.64,13.46,14.64,15.43,16.43],'cal/(mol*K)'), H298=(-87.45,'kcal/mol'), S298=(28.54,'cal/(mol*K)'), Cp0=(29.1007,'J/(mol*K)'), CpInf=(62.3585,'J/(mol*K)'), label="""CO2""", comment="""Gas phase thermo for CO2 from Thermo library: thermo_DFT_CCSDTF12_BAC. Adsorption correction: + Thermo group additivity estimation: adsorptionPt111(R*vdW) Binding energy corrected by LSR () from Pt111""").
The thermo for this species is probably wrong! Setting CpInf = Cphigh for Entropy calculationat T = 1666.6666666666665 K...
Warning: Found multiple binding energies for 'Cu'. Using 'Cu111'.
Warning: Found multiple binding energies for 'Cu'. Using 'Cu111'.
Warning: Found multiple binding energies for 'Cu'. Using 'Cu111'.
Warning: Found multiple binding energies for 'Cu'. Using 'Cu111'.
Warning: Found multiple binding energies for 'Pt'. Using 'Pt111'.
Warning: Found multiple binding energies for 'Pt'. Using 'Pt111'.
Warning: Found multiple binding energies for 'Pt'. Using 'Pt111'.
Warning: Found multiple binding energies for 'Pt'. Using 'Pt111'.
Warning: Cphigh is above the theoretical CpInf value for ThermoData object
ThermoData(Tdata=([300,400,500,600,800,1000,1500],'K'), Cpdata=([10.74,13.43,15.43,16.9,18.97,20.26,21.67],'cal/(mol*K)'), H298=(-85.44,'kcal/mol'), S298=(27.52,'cal/(mol*K)'), Cp0=(33.2579,'J/(mol*K)'), CpInf=(78.9875,'J/(mol*K)'), label="""HOCOX""", comment="""Gas phase thermo for HOCO from Thermo library: thermo_DFT_CCSDTF12_BAC. Adsorption correction: + Thermo group additivity estimation: adsorptionPt111(C-*R3)""").
The thermo for this species is probably wrong! Setting CpInf = Cphigh for Entropy calculationat T = 2000.0 K...
Warning: Cphigh is above the theoretical CpInf value for ThermoData object
ThermoData(Tdata=([300,400,500,600,800,1000,1500],'K'), Cpdata=([10.74,13.43,15.43,16.9,18.97,20.26,21.67],'cal/(mol*K)'), H298=(-85.44,'kcal/mol'), S298=(27.52,'cal/(mol*K)'), Cp0=(33.2579,'J/(mol*K)'), CpInf=(78.9875,'J/(mol*K)'), label="""HOCOX""", comment="""Gas phase thermo for HOCO from Thermo library: thermo_DFT_CCSDTF12_BAC. Adsorption correction: + Thermo group additivity estimation: adsorptionPt111(C-*R3)""").
The thermo for this species is probably wrong! Setting CpInf = Cphigh for Entropy calculationat T = 1666.6666666666665 K...
Warning: Found multiple binding energies for 'Cu'. Using 'Cu111'.
Warning: Found multiple binding energies for 'Cu'. Using 'Cu111'.
Warning: Found multiple binding energies for 'Cu'. Using 'Cu111'.
Warning: Found multiple binding energies for 'Cu'. Using 'Cu111'.
Warning: Cphigh is above the theoretical CpInf value for ThermoData object
ThermoData(Tdata=([300,400,500,600,800,1000,1500],'K'), Cpdata=([10.74,13.43,15.43,16.9,18.97,20.26,21.67],'cal/(mol*K)'), H298=(-73.536,'kcal/mol'), S298=(27.52,'cal/(mol*K)'), Cp0=(33.2579,'J/(mol*K)'), CpInf=(78.9875,'J/(mol*K)'), label="""HOCOX""", comment="""Gas phase thermo for HOCO from Thermo library: thermo_DFT_CCSDTF12_BAC. Adsorption correction: + Thermo group additivity estimation: adsorptionPt111(C-*R3) Binding energy corrected by LSR (0.25C) from Pt111""").
The thermo for this species is probably wrong! Setting CpInf = Cphigh for Entropy calculationat T = 2000.0 K...
Warning: Cphigh is above the theoretical CpInf value for ThermoData object
ThermoData(Tdata=([300,400,500,600,800,1000,1500],'K'), Cpdata=([10.74,13.43,15.43,16.9,18.97,20.26,21.67],'cal/(mol*K)'), H298=(-73.536,'kcal/mol'), S298=(27.52,'cal/(mol*K)'), Cp0=(33.2579,'J/(mol*K)'), CpInf=(78.9875,'J/(mol*K)'), label="""HOCOX""", comment="""Gas phase thermo for HOCO from Thermo library: thermo_DFT_CCSDTF12_BAC. Adsorption correction: + Thermo group additivity estimation: adsorptionPt111(C-*R3) Binding energy corrected by LSR (0.25C) from Pt111""").
The thermo for this species is probably wrong! Setting CpInf = Cphigh for Entropy calculationat T = 1666.6666666666665 K...
Warning: Found multiple binding energies for 'Ni'. Using 'Ni111'.
Warning: Found multiple binding energies for 'Ni'. Using 'Ni111'.
Warning: Found multiple binding energies for 'Ni'. Using 'Ni111'.
Warning: Found multiple binding energies for 'Ni'. Using 'Ni111'.
Warning: Found multiple binding energies for 'Ni'. Using 'Ni111'.
Warning: Found multiple binding energies for 'Ni'. Using 'Ni111'.
Warning: Found multiple binding energies for 'Ni'. Using 'Ni111'.
Warning: Found multiple binding energies for 'Ni'. Using 'Ni111'.
Warning: Found multiple binding energies for 'Ni'. Using 'Ni111'.
Warning: Found multiple binding energies for 'Ni'. Using 'Ni111'.
Warning: Found multiple binding energies for 'Ni'. Using 'Ni111'.
Warning: Found multiple binding energies for 'Ni'. Using 'Ni111'.
Warning: Found multiple binding energies for 'Cu'. Using 'Cu111'.
Warning: Found multiple binding energies for 'Cu'. Using 'Cu111'.
Warning: Found multiple binding energies for 'Cu'. Using 'Cu111'.
Warning: Found multiple binding energies for 'Cu'. Using 'Cu111'.
Warning: Found multiple binding energies for 'Cu'. Using 'Cu111'.
Warning: Found multiple binding energies for 'Cu'. Using 'Cu111'.
Warning: Found multiple binding energies for 'Cu'. Using 'Cu111'.
Warning: Found multiple binding energies for 'Cu'. Using 'Cu111'.
Warning: Found multiple binding energies for 'Cu'. Using 'Cu111'.
Warning: Found multiple binding energies for 'Cu'. Using 'Cu111'.
Warning: Found multiple binding energies for 'Cu'. Using 'Cu111'.
Warning: Found multiple binding energies for 'Cu'. Using 'Cu111'.
Warning: Cphigh is above the theoretical CpInf value for ThermoData object
ThermoData(Tdata=([300,400,500,600,800,1000,1500],'K'), Cpdata=([10.09,11.57,12.64,13.46,14.64,15.43,16.43],'cal/(mol*K)'), H298=(-87.45,'kcal/mol'), S298=(28.54,'cal/(mol*K)'), Cp0=(29.1007,'J/(mol*K)'), CpInf=(62.3585,'J/(mol*K)'), label="""CO2""", comment="""Gas phase thermo for CO2 from Thermo library: thermo_DFT_CCSDTF12_BAC. Adsorption correction: + Thermo group additivity estimation: adsorptionPt111(R*vdW) Binding energy corrected by LSR () from Pt111""").
The thermo for this species is probably wrong! Setting CpInf = Cphigh for Entropy calculationat T = 2000.0 K...
Warning: Cphigh is above the theoretical CpInf value for ThermoData object
ThermoData(Tdata=([300,400,500,600,800,1000,1500],'K'), Cpdata=([10.09,11.57,12.64,13.46,14.64,15.43,16.43],'cal/(mol*K)'), H298=(-87.45,'kcal/mol'), S298=(28.54,'cal/(mol*K)'), Cp0=(29.1007,'J/(mol*K)'), CpInf=(62.3585,'J/(mol*K)'), label="""CO2""", comment="""Gas phase thermo for CO2 from Thermo library: thermo_DFT_CCSDTF12_BAC. Adsorption correction: + Thermo group additivity estimation: adsorptionPt111(R*vdW) Binding energy corrected by LSR () from Pt111""").
The thermo for this species is probably wrong! Setting CpInf = Cphigh for Entropy calculationat T = 1666.6666666666665 K...
Warning: Found multiple binding energies for 'Cu'. Using 'Cu111'.
Warning: Found multiple binding energies for 'Cu'. Using 'Cu111'.
Warning: Found multiple binding energies for 'Cu'. Using 'Cu111'.
Warning: Found multiple binding energies for 'Cu'. Using 'Cu111'.
Warning: Cphigh is above the theoretical CpInf value for ThermoData object
ThermoData(Tdata=([300,400,500,600,800,1000,1500],'K'), Cpdata=([10.74,13.43,15.43,16.9,18.97,20.26,21.67],'cal/(mol*K)'), H298=(-73.536,'kcal/mol'), S298=(27.52,'cal/(mol*K)'), Cp0=(33.2579,'J/(mol*K)'), CpInf=(78.9875,'J/(mol*K)'), label="""HOCOX""", comment="""Gas phase thermo for HOCO from Thermo library: thermo_DFT_CCSDTF12_BAC. Adsorption correction: + Thermo group additivity estimation: adsorptionPt111(C-*R3) Binding energy corrected by LSR (0.25C) from Pt111""").
The thermo for this species is probably wrong! Setting CpInf = Cphigh for Entropy calculationat T = 2000.0 K...
Warning: Cphigh is above the theoretical CpInf value for ThermoData object
ThermoData(Tdata=([300,400,500,600,800,1000,1500],'K'), Cpdata=([11.54,14.52,16.98,18.92,21.57,23.27,25.39],'cal/(mol*K)'), H298=(-96.43,'kcal/mol'), S298=(26.4,'cal/(mol*K)'), Cp0=(33.2579,'J/(mol*K)'), CpInf=(103.931,'J/(mol*K)'), label="""formic_acid""", comment="""Gas phase thermo for formic_acid from Thermo library: thermo_DFT_CCSDTF12_BAC. Adsorption correction: + Thermo group additivity estimation: adsorptionPt111((CR2NR)*) Binding energy corrected by LSR () from Pt111""").
The thermo for this species is probably wrong! Setting CpInf = Cphigh for Entropy calculationat T = 2000.0 K...
Warning: Cphigh is above the theoretical CpInf value for ThermoData object
ThermoData(Tdata=([300,400,500,600,800,1000,1500],'K'), Cpdata=([10.74,13.43,15.43,16.9,18.97,20.26,21.67],'cal/(mol*K)'), H298=(-73.536,'kcal/mol'), S298=(27.52,'cal/(mol*K)'), Cp0=(33.2579,'J/(mol*K)'), CpInf=(78.9875,'J/(mol*K)'), label="""HOCOX""", comment="""Gas phase thermo for HOCO from Thermo library: thermo_DFT_CCSDTF12_BAC. Adsorption correction: + Thermo group additivity estimation: adsorptionPt111(C-*R3) Binding energy corrected by LSR (0.25C) from Pt111""").
The thermo for this species is probably wrong! Setting CpInf = Cphigh for Entropy calculationat T = 1666.6666666666665 K...
Warning: Cphigh is above the theoretical CpInf value for ThermoData object
ThermoData(Tdata=([300,400,500,600,800,1000,1500],'K'), Cpdata=([11.54,14.52,16.98,18.92,21.57,23.27,25.39],'cal/(mol*K)'), H298=(-96.43,'kcal/mol'), S298=(26.4,'cal/(mol*K)'), Cp0=(33.2579,'J/(mol*K)'), CpInf=(103.931,'J/(mol*K)'), label="""formic_acid""", comment="""Gas phase thermo for formic_acid from Thermo library: thermo_DFT_CCSDTF12_BAC. Adsorption correction: + Thermo group additivity estimation: adsorptionPt111((CR2NR)*) Binding energy corrected by LSR () from Pt111""").
The thermo for this species is probably wrong! Setting CpInf = Cphigh for Entropy calculationat T = 1666.6666666666665 K...
Warning: Found multiple binding energies for 'Cu'. Using 'Cu111'.
Warning: Found multiple binding energies for 'Cu'. Using 'Cu111'.
Warning: Found multiple binding energies for 'Cu'. Using 'Cu111'.
Warning: Found multiple binding energies for 'Cu'. Using 'Cu111'.
Warning: Cphigh is above the theoretical CpInf value for ThermoData object
ThermoData(Tdata=([300,400,500,600,800,1000,1500],'K'), Cpdata=([12.5,14.58,16.07,17.22,18.87,19.96,21.35],'cal/(mol*K)'), H298=(-69.7873,'kcal/mol'), S298=(27.26,'cal/(mol*K)'), Cp0=(33.2579,'J/(mol*K)'), CpInf=(83.1447,'J/(mol*K)'), label="""formyloxyX""", comment="""Gas phase thermo for formyloxy from Thermo library: thermo_DFT_CCSDTF12_BAC. Adsorption correction: + Thermo group additivity estimation: adsorptionPt111(O-*R) Binding energy corrected by LSR (0.50O) from Pt111""").
The thermo for this species is probably wrong! Setting CpInf = Cphigh for Entropy calculationat T = 2000.0 K...
Warning: Cphigh is above the theoretical CpInf value for ThermoData object
ThermoData(Tdata=([300,400,500,600,800,1000,1500],'K'), Cpdata=([11.54,14.52,16.98,18.92,21.57,23.27,25.39],'cal/(mol*K)'), H298=(-96.43,'kcal/mol'), S298=(26.4,'cal/(mol*K)'), Cp0=(33.2579,'J/(mol*K)'), CpInf=(103.931,'J/(mol*K)'), label="""formic_acid""", comment="""Gas phase thermo for formic_acid from Thermo library: thermo_DFT_CCSDTF12_BAC. Adsorption correction: + Thermo group additivity estimation: adsorptionPt111((CR2NR)*) Binding energy corrected by LSR () from Pt111""").
The thermo for this species is probably wrong! Setting CpInf = Cphigh for Entropy calculationat T = 2000.0 K...
Warning: Cphigh is above the theoretical CpInf value for ThermoData object
ThermoData(Tdata=([300,400,500,600,800,1000,1500],'K'), Cpdata=([12.5,14.58,16.07,17.22,18.87,19.96,21.35],'cal/(mol*K)'), H298=(-69.7873,'kcal/mol'), S298=(27.26,'cal/(mol*K)'), Cp0=(33.2579,'J/(mol*K)'), CpInf=(83.1447,'J/(mol*K)'), label="""formyloxyX""", comment="""Gas phase thermo for formyloxy from Thermo library: thermo_DFT_CCSDTF12_BAC. Adsorption correction: + Thermo group additivity estimation: adsorptionPt111(O-*R) Binding energy corrected by LSR (0.50O) from Pt111""").
The thermo for this species is probably wrong! Setting CpInf = Cphigh for Entropy calculationat T = 1666.6666666666665 K...
Warning: Cphigh is above the theoretical CpInf value for ThermoData object
ThermoData(Tdata=([300,400,500,600,800,1000,1500],'K'), Cpdata=([11.54,14.52,16.98,18.92,21.57,23.27,25.39],'cal/(mol*K)'), H298=(-96.43,'kcal/mol'), S298=(26.4,'cal/(mol*K)'), Cp0=(33.2579,'J/(mol*K)'), CpInf=(103.931,'J/(mol*K)'), label="""formic_acid""", comment="""Gas phase thermo for formic_acid from Thermo library: thermo_DFT_CCSDTF12_BAC. Adsorption correction: + Thermo group additivity estimation: adsorptionPt111((CR2NR)*) Binding energy corrected by LSR () from Pt111""").
The thermo for this species is probably wrong! Setting CpInf = Cphigh for Entropy calculationat T = 1666.6666666666665 K...
Warning: Found multiple binding energies for 'Cu'. Using 'Cu111'.
Warning: Found multiple binding energies for 'Cu'. Using 'Cu111'.
Warning: Found multiple binding energies for 'Cu'. Using 'Cu111'.
Warning: Found multiple binding energies for 'Cu'. Using 'Cu111'.
Warning: Found multiple binding energies for 'Cu'. Using 'Cu111'.
Warning: Found multiple binding energies for 'Cu'. Using 'Cu111'.
Warning: Found multiple binding energies for 'Cu'. Using 'Cu111'.
Warning: Found multiple binding energies for 'Cu'. Using 'Cu111'.
Warning: Found multiple binding energies for 'Cu'. Using 'Cu111'.
Warning: Found multiple binding energies for 'Cu'. Using 'Cu111'.
Warning: Found multiple binding energies for 'Cu'. Using 'Cu111'.
Warning: Found multiple binding energies for 'Cu'. Using 'Cu111'.
Warning: Found multiple binding energies for 'Cu'. Using 'Cu111'.
Warning: Found multiple binding energies for 'Cu'. Using 'Cu111'.
Warning: Found multiple binding energies for 'Cu'. Using 'Cu111'.
Warning: Found multiple binding energies for 'Cu'. Using 'Cu111'.
Warning: Cphigh is above the theoretical CpInf value for ThermoData object
ThermoData(Tdata=([300,400,500,600,800,1000,1500],'K'), Cpdata=([10.74,13.43,15.43,16.9,18.97,20.26,21.67],'cal/(mol*K)'), H298=(-73.536,'kcal/mol'), S298=(27.52,'cal/(mol*K)'), Cp0=(33.2579,'J/(mol*K)'), CpInf=(78.9875,'J/(mol*K)'), label="""HOCOX""", comment="""Gas phase thermo for HOCO from Thermo library: thermo_DFT_CCSDTF12_BAC. Adsorption correction: + Thermo group additivity estimation: adsorptionPt111(C-*R3) Binding energy corrected by LSR (0.25C) from Pt111""").
The thermo for this species is probably wrong! Setting CpInf = Cphigh for Entropy calculationat T = 2000.0 K...
Warning: Cphigh is above the theoretical CpInf value for ThermoData object
ThermoData(Tdata=([300,400,500,600,800,1000,1500],'K'), Cpdata=([10.09,11.57,12.64,13.46,14.64,15.43,16.43],'cal/(mol*K)'), H298=(-87.45,'kcal/mol'), S298=(28.54,'cal/(mol*K)'), Cp0=(29.1007,'J/(mol*K)'), CpInf=(62.3585,'J/(mol*K)'), label="""CO2""", comment="""Gas phase thermo for CO2 from Thermo library: thermo_DFT_CCSDTF12_BAC. Adsorption correction: + Thermo group additivity estimation: adsorptionPt111(R*vdW) Binding energy corrected by LSR () from Pt111""").
The thermo for this species is probably wrong! Setting CpInf = Cphigh for Entropy calculationat T = 2000.0 K...
Warning: Cphigh is above the theoretical CpInf value for ThermoData object
ThermoData(Tdata=([300,400,500,600,800,1000,1500],'K'), Cpdata=([10.74,13.43,15.43,16.9,18.97,20.26,21.67],'cal/(mol*K)'), H298=(-73.536,'kcal/mol'), S298=(27.52,'cal/(mol*K)'), Cp0=(33.2579,'J/(mol*K)'), CpInf=(78.9875,'J/(mol*K)'), label="""HOCOX""", comment="""Gas phase thermo for HOCO from Thermo library: thermo_DFT_CCSDTF12_BAC. Adsorption correction: + Thermo group additivity estimation: adsorptionPt111(C-*R3) Binding energy corrected by LSR (0.25C) from Pt111""").
The thermo for this species is probably wrong! Setting CpInf = Cphigh for Entropy calculationat T = 1666.6666666666665 K...
Warning: Cphigh is above the theoretical CpInf value for ThermoData object
ThermoData(Tdata=([300,400,500,600,800,1000,1500],'K'), Cpdata=([10.09,11.57,12.64,13.46,14.64,15.43,16.43],'cal/(mol*K)'), H298=(-87.45,'kcal/mol'), S298=(28.54,'cal/(mol*K)'), Cp0=(29.1007,'J/(mol*K)'), CpInf=(62.3585,'J/(mol*K)'), label="""CO2""", comment="""Gas phase thermo for CO2 from Thermo library: thermo_DFT_CCSDTF12_BAC. Adsorption correction: + Thermo group additivity estimation: adsorptionPt111(R*vdW) Binding energy corrected by LSR () from Pt111""").
The thermo for this species is probably wrong! Setting CpInf = Cphigh for Entropy calculationat T = 1666.6666666666665 K...
Filling in rate rules in kinetics families by averaging...
Adding reaction library Surface/CPOX_Pt/Deutschmann2006 to model edge...

Summary of Model Enlargement
---------------------------------
Added 0 new core species
Created 14 new edge species
    H2(8)
    HX(9)
    OX(10)
    CH4(11)
    CH3X(12)
    HOX(13)
    H2OX(14)
    CO2(15)
    CO2X(16)
    CO(17)
    OCX(18)
    CX(19)
    CH2X(20)
    CHX(21)
Added 0 new core reactions
Created 18 new edge reactions
    X(1) + X(1) + H2(8) <=> HX(9) + HX(9)
    X(1) + X(1) + O2(2) <=> OX(10) + OX(10)
    X(1) + X(1) + CH4(11) <=> HX(9) + CH3X(12)
    X(1) + OX(10) + CH4(11) <=> HOX(13) + CH3X(12)
    X(1) + HOX(13) + CH4(11) <=> H2OX(14) + CH3X(12)
    X(1) + H2O(3) <=> H2OX(14)
    X(1) + CO2(15) <=> CO2X(16)
    X(1) + CO(17) <=> OCX(18)
    OX(10) + CX(19) <=> X(1) + OCX(18)
    OX(10) + OCX(18) <=> X(1) + CO2X(16)
    HX(9) + CO2X(16) <=> HOX(13) + OCX(18)
    HX(9) + CH2X(20) <=> X(1) + CH3X(12)
    HX(9) + CHX(21) <=> X(1) + CH2X(20)
    X(1) + CHX(21) <=> HX(9) + CX(19)
    OX(10) + HX(9) <=> X(1) + HOX(13)
    OX(10) + H2OX(14) <=> HOX(13) + HOX(13)
    H2(8) + CX(19) <=> CH2X(20)
    HX(9) + HOX(13) <=> X(1) + H2OX(14)

After model enlargement:
    The model core has 0 species and 0 reactions
    The model edge has 22 species and 18 reactions

Adding reaction library Surface/Nitrogen to model edge...

Summary of Model Enlargement
---------------------------------
Added 0 new core species
Created 3 new edge species
    NH3_X(22)
    N_X(23)
    NO_X(24)
Added 0 new core reactions
Created 3 new edge reactions
    X(1) + NH3(6) <=> NH3_X(22)
    X(1) + X(1) + N2(4) <=> N_X(23) + N_X(23)
    X(1) + NO_X(24) <=> OX(10) + N_X(23)

After model enlargement:
    The model core has 0 species and 0 reactions
    The model edge has 25 species and 21 reactions

NOT generating reactions for unreactive species He

Summary of Model Enlargement
---------------------------------
Added 1 new core species
    He
Created 0 new edge species
Added 0 new core reactions
Created 0 new edge reactions

After model enlargement:
    The model core has 1 species and 0 reactions
    The model edge has 24 species and 21 reactions


NOT generating reactions for unreactive species Ar

Summary of Model Enlargement
---------------------------------
Added 1 new core species
    Ar
Created 0 new edge species
Added 0 new core reactions
Created 0 new edge reactions

After model enlargement:
    The model core has 2 species and 0 reactions
    The model edge has 24 species and 21 reactions


NOT generating reactions for unreactive species Ne

Summary of Model Enlargement
---------------------------------
Added 1 new core species
    Ne
Created 0 new edge species
Added 0 new core reactions
Created 0 new edge reactions

After model enlargement:
    The model core has 3 species and 0 reactions
    The model edge has 24 species and 21 reactions


Adding species X(1) to model core

Summary of Model Enlargement
---------------------------------
Added 1 new core species
    X(1)
Created 0 new edge species
Added 0 new core reactions
Created 0 new edge reactions

After model enlargement:
    The model core has 4 species and 0 reactions
    The model edge has 23 species and 21 reactions


Adding species O2(2) to model core

Summary of Model Enlargement
---------------------------------
Added 1 new core species
    O2(2)
Created 0 new edge species
Added 0 new core reactions
Created 0 new edge reactions

After model enlargement:
    The model core has 5 species and 0 reactions
    The model edge has 22 species and 21 reactions


Adding species H2O(3) to model core

Summary of Model Enlargement
---------------------------------
Added 1 new core species
    H2O(3)
Created 0 new edge species
Added 0 new core reactions
Created 0 new edge reactions

After model enlargement:
    The model core has 6 species and 0 reactions
    The model edge has 21 species and 21 reactions


Adding species N2(4) to model core

Summary of Model Enlargement
---------------------------------
Added 1 new core species
    N2(4)
Created 0 new edge species
Added 0 new core reactions
Created 0 new edge reactions

After model enlargement:
    The model core has 7 species and 0 reactions
    The model edge has 20 species and 21 reactions


Adding species NO(5) to model core

Summary of Model Enlargement
---------------------------------
Added 1 new core species
    NO(5)
Created 0 new edge species
Added 0 new core reactions
Created 0 new edge reactions

After model enlargement:
    The model core has 8 species and 0 reactions
    The model edge has 19 species and 21 reactions


Adding species NH3(6) to model core

Summary of Model Enlargement
---------------------------------
Added 1 new core species
    NH3(6)
Created 0 new edge species
Added 0 new core reactions
Created 0 new edge reactions

After model enlargement:
    The model core has 9 species and 0 reactions
    The model edge has 18 species and 21 reactions


Adding species N2O(7) to model core

Summary of Model Enlargement
---------------------------------
Added 1 new core species
    N2O(7)
Created 0 new edge species
Added 0 new core reactions
Created 0 new edge reactions

After model enlargement:
    The model core has 10 species and 0 reactions
    The model edge has 17 species and 21 reactions


Initialization complete. Starting model generation.

Generating initial reactions...
For reaction generation 1 process is used.
Generating thermo for new species...
Species [OH] renamed OH(D) based on thermo library name
Species [H] renamed H based on thermo library name
Species [NH2] renamed NH2(D) based on thermo library name
Species N#N.[Pt] renamed NN_ads based on thermo library name
Species N[Pt] renamed NH2_ads based on thermo library name
Species [Pt]O[N+](=[N-])[Pt] renamed N2OXX based on thermo library name
Species [Pt][N-][N+](=O)[Pt] renamed N2OXX based on thermo library name
Species [N-]=[N+]=O.[Pt] renamed N2O based on thermo library name
Species [O]O renamed HO2 based on thermo library name
Species [O]ON=O renamed ONOOJ based on thermo library name
Species [N]=N renamed NNHJ based on thermo library name
Species [N]O renamed NOHJJ based on thermo library name
Species N=O renamed HNO based on thermo library name
Species [N-]=[N+]O renamed NNOH based on thermo library name
Species [N-]=[NH+][O] renamed ONHN based on thermo library name
Species [NH-][N+]=O renamed HNNO based on thermo library name
Species O=NN=O renamed ONNO_cis based on thermo library name
Generating kinetics for new reactions...
For reaction X(1) + X(1) + H2O(3) <=> HX(9) + HOX(13), Ea raised from 0.0 to 61.9 kJ/mol to match endothermicity of reaction.
For reaction X(1) + N2O(7) <=> N2O(34), Ea raised from 0.0 to 26.4 kJ/mol to match endothermicity of reaction.
For reaction O2(2) + N2(4) <=> [O]ON=[N](36), Ea raised from 397.7 to 400.3 kJ/mol to match endothermicity of reaction.
For reaction O2(2) + NO(5) <=> ONOOJ(37), Ea raised from 13.4 to 51.7 kJ/mol to match endothermicity of reaction.
For reaction O2(2) + N2O(7) <=> [N-]=[N+]OO[O](38), Ea raised from 352.1 to 354.9 kJ/mol to match endothermicity of reaction.
For reaction O2(2) + N2O(7) <=> [O]O[N+](=[N-])[O](39), Ea raised from 267.4 to 275.2 kJ/mol to match endothermicity of reaction.
For reaction O2(2) + N2O(7) <=> [N-]([N+]=O)O[O](40), Ea raised from 247.2 to 250.1 kJ/mol to match endothermicity of reaction.

Summary of Secondary Model Edge Enlargement
---------------------------------
Added 0 new core species
Created 24 new edge species
    H(26)
    OH(D)(25)
    NH2(D)(27)
    [Pt]N=N[Pt](28)
    NN_ads(29)
    NH2_ads(30)
    N2OXX(31)
    N2OXX(32)
    [N-]=[N+]=[Pt](33)
    N2O(34)
    HO2(35)
    [O]ON=[N](36)
    ONOOJ(37)
    [N-]=[N+]OO[O](38)
    [O]O[N+](=[N-])[O](39)
    [N-]([N+]=O)O[O](40)
    NNHJ(41)
    NOHJJ(42)
    HNO(43)
    [NH-][N+](=O)O(44)
    NNOH(45)
    ONHN(46)
    HNNO(47)
    ONNO_cis(48)
Added 0 new core reactions
Created 32 new edge reactions
    H(26) + OH(D)(25) <=> H2O(3)
    H(26) + NH2(D)(27) <=> NH3(6)
    X(1) + X(1) + H2O(3) <=> HX(9) + HOX(13)
    X(1) + X(1) + N2(4) <=> [Pt]N=N[Pt](28)
    X(1) + N2(4) <=> NN_ads(29)
    X(1) + NO(5) <=> NO_X(24)
    X(1) + X(1) + NH3(6) <=> HX(9) + NH2_ads(30)
    X(1) + X(1) + N2O(7) <=> N2OXX(31)
    X(1) + X(1) + N2O(7) <=> N2OXX(32)
    X(1) + X(1) + N2O(7) <=> OX(10) + [N-]=[N+]=[Pt](33)
    X(1) + N2O(7) <=> N2O(34)
    O2(2) + H2O(3) <=> OH(D)(25) + HO2(35)
    O2(2) + N2(4) <=> [O]ON=[N](36)
    O2(2) + NO(5) <=> ONOOJ(37)
    HO2(35) + NH2(D)(27) <=> O2(2) + NH3(6)
    O2(2) + N2O(7) <=> [N-]=[N+]OO[O](38)
    O2(2) + N2O(7) <=> [O]O[N+](=[N-])[O](39)
    O2(2) + N2O(7) <=> [N-]([N+]=O)O[O](40)
    OH(D)(25) + NNHJ(41) <=> N2(4) + H2O(3)
    OH(D)(25) + NOHJJ(42) <=> NO(5) + H2O(3)
    OH(D)(25) + HNO(43) <=> NO(5) + H2O(3)
    N2O(7) + H2O(3) <=> [NH-][N+](=O)O(44)
    OH(D)(25) + NNOH(45) <=> N2O(7) + H2O(3)
    OH(D)(25) + ONHN(46) <=> N2O(7) + H2O(3)
    OH(D)(25) + HNNO(47) <=> N2O(7) + H2O(3)
    NNHJ(41) + NH2(D)(27) <=> N2(4) + NH3(6)
    NO(5) + NO(5) <=> ONNO_cis(48)
    NOHJJ(42) + NH2(D)(27) <=> NO(5) + NH3(6)
    HNO(43) + NH2(D)(27) <=> NO(5) + NH3(6)
    NNOH(45) + NH2(D)(27) <=> N2O(7) + NH3(6)
    ONHN(46) + NH2(D)(27) <=> N2O(7) + NH3(6)
    HNNO(47) + NH2(D)(27) <=> N2O(7) + NH3(6)

After model enlargement:
    The model core has 10 species and 0 reactions
    The model edge has 41 species and 53 reactions


Completed initial enlarge edge step.

Saving current model core to Chemkin file...
Chemkin file contains 0 reactions.
Chemkin file contains 0 reactions.
Saving annotated version of Chemkin files...
Chemkin file contains 0 reactions.
Chemkin file contains 0 reactions.
Saving current model core and edge to Chemkin file...
Chemkin file contains 23 reactions.
Chemkin file contains 30 reactions.
Saving annotated version of Chemkin files...
Chemkin file contains 23 reactions.
Chemkin file contains 30 reactions.
Saving current model core to HTML file...
Saving current model edge to HTML file...
Updating RMG execution statistics...
    Execution time (DD:HH:MM:SS): 00:00:01:00
    Memory used: 743.26 MB
Generating plots of execution statistics...

Making seed mechanism...
Beginning model generation stage 1...

Making seed mechanism...
Conducting simulation of reaction system 1...
At time 0.0000e+00 s, species OX(10) was added to model core to avoid singularity


Adding species OX(10) to model core

Summary of Model Enlargement
---------------------------------
Added 1 new core species
    OX(10)
Created 0 new edge species
Moved 1 reactions from edge to core
    X(1) + X(1) + O2(2) <=> OX(10) + OX(10)
Added 0 new core reactions
Created 0 new edge reactions

After model enlargement:
    The model core has 11 species and 1 reactions
    The model edge has 40 species and 52 reactions


For reaction generation 1 process is used.
Generating thermo for new species...
Species [Pt]OO[Pt] renamed O2_ads based on thermo library name
Species O=O.[Pt] renamed O2(S) based on thermo library name
Generating kinetics for new reactions...

Summary of Secondary Model Edge Enlargement
---------------------------------
Added 0 new core species
Created 2 new edge species
    O2_ads(49)
    O2(S)(50)
Added 0 new core reactions
Created 2 new edge reactions
    O2_ads(49) <=> OX(10) + OX(10)
    X(1) + O2(S)(50) <=> OX(10) + OX(10)

After model enlargement:
    The model core has 11 species and 1 reactions
    The model edge has 42 species and 54 reactions


Saving current model core to Chemkin file...
Chemkin file contains 0 reactions.
Chemkin file contains 1 reactions.
Saving annotated version of Chemkin files...
Chemkin file contains 0 reactions.
Chemkin file contains 1 reactions.
Saving current model core and edge to Chemkin file...
Chemkin file contains 23 reactions.
Chemkin file contains 32 reactions.
Saving annotated version of Chemkin files...
Chemkin file contains 23 reactions.
Chemkin file contains 32 reactions.
Saving current model core to HTML file...
Saving current model edge to HTML file...
Updating RMG execution statistics...
    Execution time (DD:HH:MM:SS): 00:00:01:03
    Memory used: 752.14 MB
Generating plots of execution statistics...

Making seed mechanism...
Conducting simulation of reaction system 1...
Reached max number of objects...preparing to terminate
At time 1.0717e-06 s, species NH3_X(22) at rate ratio 0.10000157832039874 exceeded the minimum rate for moving to model core of 0.1
terminating simulation due to interrupt...


Adding species NH3_X(22) to model core

Summary of Model Enlargement
---------------------------------
Added 1 new core species
    NH3_X(22)
Created 0 new edge species
Moved 1 reactions from edge to core
    X(1) + NH3(6) <=> NH3_X(22)
Added 0 new core reactions
Created 0 new edge reactions

After model enlargement:
    The model core has 12 species and 2 reactions
    The model edge has 41 species and 53 reactions


For reaction generation 1 process is used.
Generating thermo for new species...
Species NO[Pt] renamed O-NH2_ads based on thermo library name
Generating kinetics for new reactions...

Summary of Secondary Model Edge Enlargement
---------------------------------
Added 0 new core species
Created 1 new edge species
    O-NH2_ads(51)
Added 0 new core reactions
Created 3 new edge reactions
    X(1) + NH3_X(22) <=> HX(9) + NH2_ads(30)
    OX(10) + NH3_X(22) <=> HOX(13) + NH2_ads(30)
    OX(10) + NH3_X(22) <=> HX(9) + O-NH2_ads(51)

After model enlargement:
    The model core has 12 species and 2 reactions
    The model edge has 42 species and 56 reactions


Saving current model core to Chemkin file...
Chemkin file contains 0 reactions.
Chemkin file contains 2 reactions.
Saving annotated version of Chemkin files...
Chemkin file contains 0 reactions.
Chemkin file contains 2 reactions.
Saving current model core and edge to Chemkin file...
Chemkin file contains 23 reactions.
Chemkin file contains 35 reactions.
Saving annotated version of Chemkin files...
Chemkin file contains 23 reactions.
Chemkin file contains 35 reactions.
Saving current model core to HTML file...
Saving current model edge to HTML file...
Updating RMG execution statistics...
    Execution time (DD:HH:MM:SS): 00:00:01:05
    Memory used: 761.57 MB
Generating plots of execution statistics...

Making seed mechanism...
Conducting simulation of reaction system 1...
Reached max number of objects...preparing to terminate
At time 2.7871e-04 s, species O2_ads(49) at rate ratio 0.10042314404681002 exceeded the minimum rate for moving to model core of 0.1
terminating simulation due to interrupt...


Adding species O2_ads(49) to model core

Summary of Model Enlargement
---------------------------------
Added 1 new core species
    O2_ads(49)
Created 0 new edge species
Moved 1 reactions from edge to core
    O2_ads(49) <=> OX(10) + OX(10)
Added 0 new core reactions
Created 0 new edge reactions

After model enlargement:
    The model core has 13 species and 3 reactions
    The model edge has 41 species and 55 reactions


For reaction generation 1 process is used.
Generating thermo for new species...
Species O=O renamed O2(S) based on thermo library name
Species [Pt]O[Pt] renamed O(T)XX based on thermo library name
Generating kinetics for new reactions...
For reaction O2_ads(49) + N2(4) <=> [Pt]OON=N[Pt](54), Ea raised from 308.9 to 310.5 kJ/mol to match endothermicity of reaction.
For reaction O2_ads(49) + N2O(7) <=> [Pt]OO[N+](=[N-])O[Pt](55), Ea raised from 234.9 to 239.8 kJ/mol to match endothermicity of reaction.
For reaction O2_ads(49) + N2O(7) <=> [Pt]OOO[N+](=[N-])[Pt](56), Ea raised from 263.3 to 265.0 kJ/mol to match endothermicity of reaction.
For reaction O2_ads(49) + N2O(7) <=> [Pt]OON=[N+]([Pt])[O-](57), Ea raised from 158.4 to 160.2 kJ/mol to match endothermicity of reaction.
For reaction O2_ads(49) + N2O(7) <=> [Pt]OO[N+](=N[Pt])[O-](58), Ea raised from 178.5 to 185.3 kJ/mol to match endothermicity of reaction.
Warning: Marked reaction O2_ads(49) <=> OX(10) + OX(10) as duplicate of O2_ads(49) <=> OX(10) + OX(10) for saving to Chemkin file.

Summary of Secondary Model Edge Enlargement
---------------------------------
Added 0 new core species
Created 8 new edge species
    O2(S)(52)
    O(T)XX(53)
    [Pt]OON=N[Pt](54)
    [Pt]OO[N+](=[N-])O[Pt](55)
    [Pt]OOO[N+](=[N-])[Pt](56)
    [Pt]OON=[N+]([Pt])[O-](57)
    [Pt]OO[N+](=N[Pt])[O-](58)
    [Pt]OOO[Pt](59)
Added 1 new core reactions
    O2_ads(49) <=> OX(10) + OX(10)
Created 9 new edge reactions
    X(1) + X(1) + O2(S)(52) <=> O2_ads(49)
    X(1) + O2(S)(50) <=> O2_ads(49)
    X(1) + O2_ads(49) <=> OX(10) + O(T)XX(53)
    O2_ads(49) + N2(4) <=> [Pt]OON=N[Pt](54)
    O2_ads(49) + N2O(7) <=> [Pt]OO[N+](=[N-])O[Pt](55)
    O2_ads(49) + N2O(7) <=> [Pt]OOO[N+](=[N-])[Pt](56)
    O2_ads(49) + N2O(7) <=> [Pt]OON=[N+]([Pt])[O-](57)
    O2_ads(49) + N2O(7) <=> [Pt]OO[N+](=N[Pt])[O-](58)
    X(1) + [Pt]OOO[Pt](59) <=> OX(10) + O2_ads(49)

After model enlargement:
    The model core has 13 species and 4 reactions
    The model edge has 49 species and 64 reactions


Saving current model core to Chemkin file...
Chemkin file contains 0 reactions.
Chemkin file contains 4 reactions.
Saving annotated version of Chemkin files...
Chemkin file contains 0 reactions.
Chemkin file contains 4 reactions.
Saving current model core and edge to Chemkin file...
Chemkin file contains 23 reactions.
Chemkin file contains 45 reactions.
Saving annotated version of Chemkin files...
Chemkin file contains 23 reactions.
Chemkin file contains 45 reactions.
Saving current model core to HTML file...
Saving current model edge to HTML file...
Updating RMG execution statistics...
    Execution time (DD:HH:MM:SS): 00:00:01:07
    Memory used: 749.74 MB
Generating plots of execution statistics...

Making seed mechanism...
Conducting simulation of reaction system 1...
Reached max number of objects...preparing to terminate
At time 3.5689e-03 s, species NH2_ads(30) at rate ratio 0.1000491514130057 exceeded the minimum rate for moving to model core of 0.1
terminating simulation due to interrupt...


Adding species NH2_ads(30) to model core

Summary of Model Enlargement
---------------------------------
Added 1 new core species
    NH2_ads(30)
Created 0 new edge species
Added 0 new core reactions
Created 0 new edge reactions

After model enlargement:
    The model core has 14 species and 4 reactions
    The model edge has 48 species and 64 reactions


For reaction generation 1 process is used.
Generating thermo for new species...
Species N=[Pt] renamed NH_ads based on thermo library name
Species NN.[Pt] renamed H2N-NH2_ads based on thermo library name
Species NN renamed NH2NH2 based on thermo library name
Generating kinetics for new reactions...
For reaction HX(9) + H2N-NH2_ads(61) <=> NH2_ads(30) + NH3_X(22) Ea raised from -54.3 to 0.0 kJ/mol.

Summary of Secondary Model Edge Enlargement
---------------------------------
Added 0 new core species
Created 3 new edge species
    NH_ads(60)
    H2N-NH2_ads(61)
    NH2NH2(62)
Added 0 new core reactions
Created 8 new edge reactions
    X(1) + NH2(D)(27) <=> NH2_ads(30)
    X(1) + NH2_ads(30) <=> HX(9) + NH_ads(60)
    HOX(13) + NH_ads(60) <=> OX(10) + NH2_ads(30)
    X(1) + O-NH2_ads(51) <=> OX(10) + NH2_ads(30)
    HX(9) + H2N-NH2_ads(61) <=> NH2_ads(30) + NH3_X(22)
    NH_ads(60) + NH3_X(22) <=> NH2_ads(30) + NH2_ads(30)
    X(1) + X(1) + NH2NH2(62) <=> NH2_ads(30) + NH2_ads(30)
    X(1) + H2N-NH2_ads(61) <=> NH2_ads(30) + NH2_ads(30)

After model enlargement:
    The model core has 14 species and 4 reactions
    The model edge has 51 species and 72 reactions


Saving current model core to Chemkin file...
Chemkin file contains 0 reactions.
Chemkin file contains 4 reactions.
Saving annotated version of Chemkin files...
Chemkin file contains 0 reactions.
Chemkin file contains 4 reactions.
Saving current model core and edge to Chemkin file...
Chemkin file contains 23 reactions.
Chemkin file contains 53 reactions.
Saving annotated version of Chemkin files...
Chemkin file contains 23 reactions.
Chemkin file contains 53 reactions.
Saving current model core to HTML file...
Saving current model edge to HTML file...
Updating RMG execution statistics...
    Execution time (DD:HH:MM:SS): 00:00:01:10
    Memory used: 763.93 MB
Generating plots of execution statistics...

Making seed mechanism...
Conducting simulation of reaction system 1...
Reached max number of objects...preparing to terminate
At time 1.8883e-02 s, species HOX(13) at rate ratio 0.1004771615084774 exceeded the minimum rate for moving to model core of 0.1
terminating simulation due to interrupt...


Adding species HOX(13) to model core

Summary of Model Enlargement
---------------------------------
Added 1 new core species
    HOX(13)
Created 0 new edge species
Moved 1 reactions from edge to core
    OX(10) + NH3_X(22) <=> HOX(13) + NH2_ads(30)
Added 0 new core reactions
Created 0 new edge reactions

After model enlargement:
    The model core has 15 species and 5 reactions
    The model edge has 50 species and 71 reactions


For reaction generation 1 process is used.
Generating thermo for new species...
Species ON=N[Pt] renamed NNOHX based on thermo library name
Species OO[Pt] renamed OOH_ads based on thermo library name
Species NO.[Pt] renamed H2N-OH_ads based on thermo library name
Species NO renamed NH2OH based on thermo library name
Species OO renamed HOOH based on thermo library name
Species OO.[Pt] renamed HO-OH_ads based on thermo library name
Generating kinetics for new reactions...
For reaction N2(4) + HOX(13) <=> NNOHX(63), Ea raised from 196.7 to 201.3 kJ/mol to match endothermicity of reaction.
For reaction N2O(7) + HOX(13) <=> [N-]=[N+](OO)[Pt](65), Ea raised from 117.7 to 119.0 kJ/mol to match endothermicity of reaction.
For reaction HOX(13) + NH3_X(22) <=> H2OX(14) + NH2_ads(30) Ea raised from -16.0 to 0.0 kJ/mol.
For reaction HX(9) + H2N-OH_ads(69) <=> HOX(13) + NH3_X(22) Ea raised from -61.7 to 0.0 kJ/mol.

Summary of Secondary Model Edge Enlargement
---------------------------------
Added 0 new core species
Created 10 new edge species
    NNOHX(63)
    [N-]=[N+](O[Pt])O(64)
    [N-]=[N+](OO)[Pt](65)
    [O-][N+](=NO)[Pt](66)
    [O-][N+](=N[Pt])O(67)
    OOH_ads(68)
    H2N-OH_ads(69)
    NH2OH(70)
    HOOH(71)
    HO-OH_ads(72)
Added 0 new core reactions
Created 14 new edge reactions
    X(1) + OH(D)(25) <=> HOX(13)
    N2(4) + HOX(13) <=> NNOHX(63)
    N2O(7) + HOX(13) <=> [N-]=[N+](O[Pt])O(64)
    N2O(7) + HOX(13) <=> [N-]=[N+](OO)[Pt](65)
    N2O(7) + HOX(13) <=> [O-][N+](=NO)[Pt](66)
    N2O(7) + HOX(13) <=> [O-][N+](=N[Pt])O(67)
    X(1) + OOH_ads(68) <=> OX(10) + HOX(13)
    HOX(13) + NH3_X(22) <=> H2OX(14) + NH2_ads(30)
    HX(9) + H2N-OH_ads(69) <=> HOX(13) + NH3_X(22)
    NH_ads(60) + H2OX(14) <=> HOX(13) + NH2_ads(30)
    X(1) + X(1) + NH2OH(70) <=> HOX(13) + NH2_ads(30)
    X(1) + H2N-OH_ads(69) <=> HOX(13) + NH2_ads(30)
    X(1) + X(1) + HOOH(71) <=> HOX(13) + HOX(13)
    X(1) + HO-OH_ads(72) <=> HOX(13) + HOX(13)

After model enlargement:
    The model core has 15 species and 5 reactions
    The model edge has 60 species and 85 reactions


Saving current model core to Chemkin file...
Chemkin file contains 0 reactions.
Chemkin file contains 5 reactions.
Saving annotated version of Chemkin files...
Chemkin file contains 0 reactions.
Chemkin file contains 5 reactions.
Saving current model core and edge to Chemkin file...
Chemkin file contains 23 reactions.
Chemkin file contains 67 reactions.
Saving annotated version of Chemkin files...
Chemkin file contains 23 reactions.
Chemkin file contains 67 reactions.
Saving current model core to HTML file...
Saving current model edge to HTML file...
Updating RMG execution statistics...
    Execution time (DD:HH:MM:SS): 00:00:01:13
    Memory used: 772.68 MB
Generating plots of execution statistics...

Making seed mechanism...
Conducting simulation of reaction system 1...
Reached max number of objects...preparing to terminate
At time 1.5708e-07 s, species HX(9) at rate ratio 0.10014116598916052 exceeded the minimum rate for moving to model core of 0.1
terminating simulation due to interrupt...


Adding species HX(9) to model core

Summary of Model Enlargement
---------------------------------
Added 1 new core species
    HX(9)
Created 0 new edge species
Moved 4 reactions from edge to core
    OX(10) + HX(9) <=> X(1) + HOX(13)
    X(1) + X(1) + H2O(3) <=> HX(9) + HOX(13)
    X(1) + X(1) + NH3(6) <=> HX(9) + NH2_ads(30)
    X(1) + NH3_X(22) <=> HX(9) + NH2_ads(30)
Added 0 new core reactions
Created 0 new edge reactions

After model enlargement:
    The model core has 16 species and 9 reactions
    The model edge has 59 species and 81 reactions


For reaction generation 1 process is used.
Generating thermo for new species...
Species [Pt]N=N renamed N-NH_ads based on thermo library name
Species [N-]=[N+]([Pt])O renamed NNOHX based on thermo library name
Species [H][H].[Pt] renamed H2_ads based on thermo library name
Generating kinetics for new reactions...
For reaction N2(4) + HX(9) <=> N-NH_ads(73), Ea raised from 118.7 to 122.2 kJ/mol to match endothermicity of reaction.
For reaction N2O(7) + HX(9) <=> [N-]=[NH+]O[Pt](74), Ea raised from 108.8 to 109.0 kJ/mol to match endothermicity of reaction.
For reaction H2_ads(78) + NH2_ads(30) <=> HX(9) + NH3_X(22) Ea raised from -48.4 to 0.0 kJ/mol.

Summary of Secondary Model Edge Enlargement
---------------------------------
Added 0 new core species
Created 6 new edge species
    N-NH_ads(73)
    [N-]=[NH+]O[Pt](74)
    NNOHX(75)
    [O-][N+](=N)[Pt](76)
    [O-][NH+]=N[Pt](77)
    H2_ads(78)
Added 0 new core reactions
Created 9 new edge reactions
    X(1) + H(26) <=> HX(9)
    N2(4) + HX(9) <=> N-NH_ads(73)
    N2O(7) + HX(9) <=> [N-]=[NH+]O[Pt](74)
    N2O(7) + HX(9) <=> NNOHX(75)
    N2O(7) + HX(9) <=> [O-][N+](=N)[Pt](76)
    N2O(7) + HX(9) <=> [O-][NH+]=N[Pt](77)
    H2_ads(78) + NH2_ads(30) <=> HX(9) + NH3_X(22)
    NH_ads(60) + H2_ads(78) <=> HX(9) + NH2_ads(30)
    OX(10) + H2_ads(78) <=> HX(9) + HOX(13)

After model enlargement:
    The model core has 16 species and 9 reactions
    The model edge has 65 species and 90 reactions


Saving current model core to Chemkin file...
Chemkin file contains 0 reactions.
Chemkin file contains 9 reactions.
Saving annotated version of Chemkin files...
Chemkin file contains 0 reactions.
Chemkin file contains 9 reactions.
Saving current model core and edge to Chemkin file...
Chemkin file contains 23 reactions.
Chemkin file contains 76 reactions.
Saving annotated version of Chemkin files...
Chemkin file contains 23 reactions.
Chemkin file contains 76 reactions.
Saving current model core to HTML file...
Saving current model edge to HTML file...
Updating RMG execution statistics...
    Execution time (DD:HH:MM:SS): 00:00:01:15
    Memory used: 780.65 MB
Generating plots of execution statistics...

Making seed mechanism...
Conducting simulation of reaction system 1...
Reached max number of objects...preparing to terminate
At time 4.7029e-08 s, species H2OX(14) at rate ratio 0.10007653502013396 exceeded the minimum rate for moving to model core of 0.1
terminating simulation due to interrupt...


Adding species H2OX(14) to model core

Summary of Model Enlargement
---------------------------------
Added 1 new core species
    H2OX(14)
Created 0 new edge species
Moved 4 reactions from edge to core
    X(1) + H2O(3) <=> H2OX(14)
    OX(10) + H2OX(14) <=> HOX(13) + HOX(13)
    HX(9) + HOX(13) <=> X(1) + H2OX(14)
    HOX(13) + NH3_X(22) <=> H2OX(14) + NH2_ads(30)
Added 0 new core reactions
Created 0 new edge reactions

After model enlargement:
    The model core has 17 species and 13 reactions
    The model edge has 64 species and 86 reactions


For reaction generation 1 process is used.
Generating kinetics for new reactions...
For reaction HX(9) + H2N-OH_ads(69) <=> H2OX(14) + NH2_ads(30) Ea raised from -77.7 to 0.0 kJ/mol.
For reaction HX(9) + HO-OH_ads(72) <=> HOX(13) + H2OX(14) Ea raised from -96.8 to 0.0 kJ/mol.
For reaction HOX(13) + H2_ads(78) <=> HX(9) + H2OX(14) Ea raised from -64.3 to 0.0 kJ/mol.

Summary of Secondary Model Edge Enlargement
---------------------------------
Added 0 new core species
Created 0 new edge species
Added 0 new core reactions
Created 4 new edge reactions
    OX(10) + H2OX(14) <=> HX(9) + OOH_ads(68)
    HX(9) + H2N-OH_ads(69) <=> H2OX(14) + NH2_ads(30)
    HX(9) + HO-OH_ads(72) <=> HOX(13) + H2OX(14)
    HOX(13) + H2_ads(78) <=> HX(9) + H2OX(14)

After model enlargement:
    The model core has 17 species and 13 reactions
    The model edge has 64 species and 90 reactions


Saving current model core to Chemkin file...
Chemkin file contains 0 reactions.
Chemkin file contains 13 reactions.
Saving annotated version of Chemkin files...
Chemkin file contains 0 reactions.
Chemkin file contains 13 reactions.
Saving current model core and edge to Chemkin file...
Chemkin file contains 23 reactions.
Chemkin file contains 80 reactions.
Saving annotated version of Chemkin files...
Chemkin file contains 23 reactions.
Chemkin file contains 80 reactions.
Saving current model core to HTML file...
Saving current model edge to HTML file...
Updating RMG execution statistics...
    Execution time (DD:HH:MM:SS): 00:00:01:17
    Memory used: 790.93 MB
Generating plots of execution statistics...

Making seed mechanism...
Conducting simulation of reaction system 1...
Reached max number of objects...preparing to terminate
At time 9.9659e-08 s, species NH_ads(60) at rate ratio 0.10083040494175137 exceeded the minimum rate for moving to model core of 0.1
terminating simulation due to interrupt...


Adding species NH_ads(60) to model core

Summary of Model Enlargement
---------------------------------
Added 1 new core species
    NH_ads(60)
Created 0 new edge species
Moved 4 reactions from edge to core
    X(1) + NH2_ads(30) <=> HX(9) + NH_ads(60)
    HOX(13) + NH_ads(60) <=> OX(10) + NH2_ads(30)
    NH_ads(60) + NH3_X(22) <=> NH2_ads(30) + NH2_ads(30)
    NH_ads(60) + H2OX(14) <=> HOX(13) + NH2_ads(30)
Added 0 new core reactions
Created 0 new edge reactions

After model enlargement:
    The model core has 18 species and 17 reactions
    The model edge has 63 species and 86 reactions


For reaction generation 1 process is used.
Generating thermo for new species...
Error: Could not update atomtypes for this molecule:
multiplicity 1
1 O u1 p1 c0 {2,T}
2 N u1 p0 c0 {1,T} {3,S}
3 H u0 p0 c0 {2,S}

Error: Could not update atomtypes for this molecule:
1 O u0 p1 c+1 {2,T}
2 N u0 p1 c-1 {1,T} {3,S}
3 H u0 p0 c0 {2,S}

Species [Pt]ON[Pt] renamed HNOXX based on thermo library name
Species N=O.[Pt] renamed HN-O_ads based on thermo library name
Species NN[Pt] renamed HN-NH2_ads based on thermo library name
Species [Pt]NOO[Pt] renamed HNOOXX based on thermo library name
Species ON[Pt] renamed HN-OH_ads based on thermo library name
Species N=N renamed HNNH based on thermo library name
Species [Pt]NN[Pt] renamed HN-NH-h_ads based on thermo library name
Species N=N.[Pt] renamed HN-NH_ads based on thermo library name
Generating kinetics for new reactions...
For reaction NH_ads(60) + NH3_X(22) <=> HX(9) + HN-NH2_ads(81), Ea raised from 150.8 to 151.1 kJ/mol to match endothermicity of reaction.
For reaction NH_ads(60) + H2OX(14) <=> HX(9) + HN-OH_ads(83), Ea raised from 156.4 to 157.4 kJ/mol to match endothermicity of reaction.
Warning: Marked reaction NH_ads(60) + NH3_X(22) <=> NH2_ads(30) + NH2_ads(30) as duplicate of NH_ads(60) + NH3_X(22) <=> NH2_ads(30) + NH2_ads(30) for saving to Chemkin file.

Summary of Secondary Model Edge Enlargement
---------------------------------
Added 0 new core species
Created 8 new edge species
    HNOXX(79)
    HN-O_ads(80)
    HN-NH2_ads(81)
    HNOOXX(82)
    HN-OH_ads(83)
    HNNH(84)
    HN-NH-h_ads(85)
    HN-NH_ads(86)
Added 1 new core reactions
    NH_ads(60) + NH3_X(22) <=> NH2_ads(30) + NH2_ads(30)
Created 18 new edge reactions
    X(1) + NH_ads(60) <=> N_X(23) + HX(9)
    N_X(23) + HOX(13) <=> OX(10) + NH_ads(60)
    X(1) + X(1) + HNO(43) <=> OX(10) + NH_ads(60)
    HNOXX(79) <=> OX(10) + NH_ads(60)
    X(1) + HN-O_ads(80) <=> OX(10) + NH_ads(60)
    NH_ads(60) + NH3_X(22) <=> HX(9) + HN-NH2_ads(81)
    O2_ads(49) + NH_ads(60) <=> OX(10) + HNOXX(79)
    X(1) + HNOOXX(82) <=> O2_ads(49) + NH_ads(60)
    N_X(23) + NH3_X(22) <=> NH_ads(60) + NH2_ads(30)
    X(1) + HN-NH2_ads(81) <=> NH_ads(60) + NH2_ads(30)
    N_X(23) + H2OX(14) <=> HOX(13) + NH_ads(60)
    X(1) + HN-OH_ads(83) <=> HOX(13) + NH_ads(60)
    N_X(23) + H2_ads(78) <=> HX(9) + NH_ads(60)
    NH_ads(60) + H2OX(14) <=> HX(9) + HN-OH_ads(83)
    N_X(23) + NH2_ads(30) <=> NH_ads(60) + NH_ads(60)
    X(1) + X(1) + HNNH(84) <=> NH_ads(60) + NH_ads(60)
    HN-NH-h_ads(85) <=> NH_ads(60) + NH_ads(60)
    X(1) + HN-NH_ads(86) <=> NH_ads(60) + NH_ads(60)

After model enlargement:
    The model core has 18 species and 18 reactions
    The model edge has 71 species and 104 reactions


Saving current model core to Chemkin file...
Chemkin file contains 0 reactions.
Chemkin file contains 18 reactions.
Saving annotated version of Chemkin files...
Chemkin file contains 0 reactions.
Chemkin file contains 18 reactions.
Saving current model core and edge to Chemkin file...
Chemkin file contains 23 reactions.
Chemkin file contains 99 reactions.
Saving annotated version of Chemkin files...
Chemkin file contains 23 reactions.
Chemkin file contains 99 reactions.
Saving current model core to HTML file...
Saving current model edge to HTML file...
Updating RMG execution statistics...
    Execution time (DD:HH:MM:SS): 00:00:01:19
    Memory used: 803.53 MB
Generating plots of execution statistics...

Making seed mechanism...
Conducting simulation of reaction system 1...
Reached max number of objects...preparing to terminate
At time 1.5021e-08 s, species N_X(23) at rate ratio 0.10032408080543677 exceeded the minimum rate for moving to model core of 0.1
terminating simulation due to interrupt...


Adding species N_X(23) to model core

Summary of Model Enlargement
---------------------------------
Added 1 new core species
    N_X(23)
Created 0 new edge species
Moved 6 reactions from edge to core
    X(1) + X(1) + N2(4) <=> N_X(23) + N_X(23)
    X(1) + NH_ads(60) <=> N_X(23) + HX(9)
    N_X(23) + HOX(13) <=> OX(10) + NH_ads(60)
    N_X(23) + NH3_X(22) <=> NH_ads(60) + NH2_ads(30)
    N_X(23) + H2OX(14) <=> HOX(13) + NH_ads(60)
    N_X(23) + NH2_ads(30) <=> NH_ads(60) + NH_ads(60)
Added 0 new core reactions
Created 0 new edge reactions

After model enlargement:
    The model core has 19 species and 24 reactions
    The model edge has 70 species and 98 reactions


For reaction generation 1 process is used.
Generating thermo for new species...
Species [Pt]ON=[Pt] renamed NO-h_ads based on thermo library name
Species NN=[Pt] renamed N-NH2_ads based on thermo library name
Species ON=[Pt] renamed NOH_ads based on thermo library name
Species [Pt]NN=[Pt] renamed HN-N-h_ads based on thermo library name
Generating kinetics for new reactions...
For reaction [Pt]N=N[Pt](28) <=> N_X(23) + N_X(23), Ea raised from 0.0 to 182.5 kJ/mol to match endothermicity of reaction.

Summary of Secondary Model Edge Enlargement
---------------------------------
Added 0 new core species
Created 5 new edge species
    NO-h_ads(87)
    N-NH2_ads(88)
    [Pt]OON=[Pt](89)
    NOH_ads(90)
    HN-N-h_ads(91)
Added 0 new core reactions
Created 9 new edge reactions
    NO-h_ads(87) <=> OX(10) + N_X(23)
    N_X(23) + NH3_X(22) <=> HX(9) + N-NH2_ads(88)
    O2_ads(49) + N_X(23) <=> OX(10) + NO-h_ads(87)
    X(1) + [Pt]OON=[Pt](89) <=> O2_ads(49) + N_X(23)
    X(1) + N-NH2_ads(88) <=> N_X(23) + NH2_ads(30)
    X(1) + NOH_ads(90) <=> N_X(23) + HOX(13)
    N_X(23) + H2OX(14) <=> HX(9) + NOH_ads(90)
    HN-N-h_ads(91) <=> N_X(23) + NH_ads(60)
    [Pt]N=N[Pt](28) <=> N_X(23) + N_X(23)

After model enlargement:
    The model core has 19 species and 24 reactions
    The model edge has 75 species and 107 reactions


Saving current model core to Chemkin file...
Chemkin file contains 0 reactions.
Chemkin file contains 24 reactions.
Saving annotated version of Chemkin files...
Chemkin file contains 0 reactions.
Chemkin file contains 24 reactions.
Saving current model core and edge to Chemkin file...
Chemkin file contains 23 reactions.
Chemkin file contains 108 reactions.
Saving annotated version of Chemkin files...
Chemkin file contains 23 reactions.
Chemkin file contains 108 reactions.
Saving current model core to HTML file...
Saving current model edge to HTML file...
Updating RMG execution statistics...
    Execution time (DD:HH:MM:SS): 00:00:01:21
    Memory used: 818.54 MB
Generating plots of execution statistics...

Making seed mechanism...
Conducting simulation of reaction system 1...
Reached max number of objects...preparing to terminate
At time 4.1908e-08 s, species NO-h_ads(87) at rate ratio 0.10018064688638947 exceeded the minimum rate for moving to model core of 0.1
terminating simulation due to interrupt...


Adding species NO-h_ads(87) to model core

Summary of Model Enlargement
---------------------------------
Added 1 new core species
    NO-h_ads(87)
Created 0 new edge species
Moved 2 reactions from edge to core
    NO-h_ads(87) <=> OX(10) + N_X(23)
    O2_ads(49) + N_X(23) <=> OX(10) + NO-h_ads(87)
Added 0 new core reactions
Created 0 new edge reactions

After model enlargement:
    The model core has 20 species and 26 reactions
    The model edge has 74 species and 105 reactions


For reaction generation 1 process is used.
Generating thermo for new species...
Species [Pt]N=[Pt] renamed NXX based on thermo library name
Error: Could not update atomtypes for this molecule:
multiplicity 1
1 O u1 p1 c0 {2,T}
2 N u1 p0 c0 {1,T} {3,S}
3 N u0 p1 c0 {2,S} {4,S} {5,S}
4 H u0 p0 c0 {3,S}
5 H u0 p0 c0 {3,S}

Error: Could not update atomtypes for this molecule:
1 O u0 p1 c+1 {2,T}
2 N u0 p1 c-1 {1,T} {3,S}
3 N u0 p1 c0 {2,S} {4,S} {5,S}
4 H u0 p0 c0 {3,S}
5 H u0 p0 c0 {3,S}

Species [Pt]ON([Pt])N renamed NH2NOXX based on thermo library name
Error: Could not update atomtypes for this molecule:
multiplicity 1
1 O u1 p1 c0 {3,T}
2 O u0 p2 c0 {3,S} {4,S}
3 N u1 p0 c0 {1,T} {2,S}
4 H u0 p0 c0 {2,S}

Error: Could not update atomtypes for this molecule:
1 O u0 p1 c+1 {3,T}
2 O u0 p2 c0 {3,S} {4,S}
3 N u0 p1 c-1 {1,T} {2,S}
4 H u0 p0 c0 {2,S}

Species [Pt]ON([Pt])O renamed HONOXX based on thermo library name
Generating kinetics for new reactions...
Warning: Marked reaction NO-h_ads(87) <=> OX(10) + N_X(23) as duplicate of NO-h_ads(87) <=> OX(10) + N_X(23) for saving to Chemkin file.

Summary of Secondary Model Edge Enlargement
---------------------------------
Added 0 new core species
Created 11 new edge species
    NXX(92)
    [Pt]ON(O[Pt])[Pt](93)
    NH2NOXX(94)
    [Pt]OON(O[Pt])[Pt](95)
    HONOXX(96)
    [Pt]NN(O[Pt])[Pt](97)
    [Pt]NON=[Pt](98)
    [Pt]N(N=[Pt])O[Pt](99)
    [Pt]=NON=[Pt](100)
    [Pt]ON(N(O[Pt])[Pt])[Pt](101)
    [Pt]N(O[Pt])ON=[Pt](102)
Added 1 new core reactions
    NO-h_ads(87) <=> OX(10) + N_X(23)
Created 28 new edge reactions
    X(1) + NO_X(24) <=> NO-h_ads(87)
    X(1) + NO-h_ads(87) <=> OX(10) + NXX(92)
    X(1) + NO-h_ads(87) <=> O(T)XX(53) + N_X(23)
    [Pt]ON(O[Pt])[Pt](93) <=> OX(10) + NO-h_ads(87)
    X(1) + [Pt]OON=[Pt](89) <=> OX(10) + NO-h_ads(87)
    NO-h_ads(87) + NH3_X(22) <=> HNOXX(79) + NH2_ads(30)
    NO-h_ads(87) + NH3_X(22) <=> HX(9) + NH2NOXX(94)
    OX(10) + [Pt]ON(O[Pt])[Pt](93) <=> O2_ads(49) + NO-h_ads(87)
    X(1) + [Pt]OON(O[Pt])[Pt](95) <=> O2_ads(49) + NO-h_ads(87)
    NH_ads(60) + HNOXX(79) <=> NO-h_ads(87) + NH2_ads(30)
    X(1) + NH2NOXX(94) <=> NO-h_ads(87) + NH2_ads(30)
    OX(10) + HNOXX(79) <=> NO-h_ads(87) + HOX(13)
    X(1) + HONOXX(96) <=> NO-h_ads(87) + HOX(13)
    X(1) + HNOXX(79) <=> NO-h_ads(87) + HX(9)
    NO-h_ads(87) + H2OX(14) <=> HOX(13) + HNOXX(79)
    NO-h_ads(87) + H2OX(14) <=> HX(9) + HONOXX(96)
    OX(10) + HN-N-h_ads(91) <=> NO-h_ads(87) + NH_ads(60)
    N_X(23) + HNOXX(79) <=> NO-h_ads(87) + NH_ads(60)
    N_X(23) + HNOXX(79) <=> NO-h_ads(87) + NH_ads(60)
    [Pt]NN(O[Pt])[Pt](97) <=> NO-h_ads(87) + NH_ads(60)
    X(1) + [Pt]NON=[Pt](98) <=> NO-h_ads(87) + NH_ads(60)
    N_X(23) + NO-h_ads(87) <=> OX(10) + [Pt]N=N[Pt](28)
    [Pt]N(N=[Pt])O[Pt](99) <=> N_X(23) + NO-h_ads(87)
    X(1) + [Pt]=NON=[Pt](100) <=> N_X(23) + NO-h_ads(87)
    OX(10) + [Pt]N(N=[Pt])O[Pt](99) <=> NO-h_ads(87) + NO-h_ads(87)
    N_X(23) + [Pt]ON(O[Pt])[Pt](93) <=> NO-h_ads(87) + NO-h_ads(87)
    [Pt]ON(N(O[Pt])[Pt])[Pt](101) <=> NO-h_ads(87) + NO-h_ads(87)
    X(1) + [Pt]N(O[Pt])ON=[Pt](102) <=> NO-h_ads(87) + NO-h_ads(87)

After model enlargement:
    The model core has 20 species and 27 reactions
    The model edge has 85 species and 133 reactions


Saving current model core to Chemkin file...
Chemkin file contains 0 reactions.
Chemkin file contains 27 reactions.
Saving annotated version of Chemkin files...
Chemkin file contains 0 reactions.
Chemkin file contains 27 reactions.
Saving current model core and edge to Chemkin file...
Chemkin file contains 23 reactions.
Chemkin file contains 137 reactions.
Saving annotated version of Chemkin files...
Chemkin file contains 23 reactions.
Chemkin file contains 137 reactions.
Saving current model core to HTML file...
Saving current model edge to HTML file...
Updating RMG execution statistics...
    Execution time (DD:HH:MM:SS): 00:00:01:24
    Memory used: 834.57 MB
Generating plots of execution statistics...

Making seed mechanism...
Conducting simulation of reaction system 1...
Reached max number of objects...preparing to terminate
At time 1.3711e-07 s, species NO_X(24) at rate ratio 0.1000276118325374 exceeded the minimum rate for moving to model core of 0.1
terminating simulation due to interrupt...


Adding species NO_X(24) to model core

Summary of Model Enlargement
---------------------------------
Added 1 new core species
    NO_X(24)
Created 0 new edge species
Moved 3 reactions from edge to core
    X(1) + NO_X(24) <=> OX(10) + N_X(23)
    X(1) + NO(5) <=> NO_X(24)
    X(1) + NO_X(24) <=> NO-h_ads(87)
Added 0 new core reactions
Created 0 new edge reactions

After model enlargement:
    The model core has 21 species and 30 reactions
    The model edge has 84 species and 130 reactions


For reaction generation 1 process is used.
Generating thermo for new species...
Species [Pt]ON=O renamed NO2JX based on thermo library name
Species NN=O.[Pt] renamed NH2NO based on thermo library name
Species NN=O renamed NH2NO based on thermo library name
Species ON=O renamed HONO based on thermo library name
Species ON=O.[Pt] renamed HONO based on thermo library name
Species O=NN=[Pt] renamed NNOJJX based on thermo library name
Error: Could not update atomtypes for this molecule:
multiplicity 1
1 O u1 p1 c0 {3,T}
2 O u0 p2 c0 {4,D}
3 N u1 p0 c0 {1,T} {4,S}
4 N u0 p1 c0 {2,D} {3,S}

Error: Could not update atomtypes for this molecule:
1 O u0 p1 c+1 {3,T}
2 O u0 p2 c0 {4,D}
3 N u0 p1 c-1 {1,T} {4,S}
4 N u0 p1 c0 {2,D} {3,S}

Species [Pt]N(N=O)O[Pt] renamed ONNO_cisXX based on thermo library name
Species O=NN=O.[Pt] renamed ONNO_cis based on thermo library name
Generating kinetics for new reactions...
For reaction HN-O_ads(80) + NH2_ads(30) <=> NO_X(24) + NH3_X(22) Ea raised from -61.1 to 0.0 kJ/mol.
For reaction HX(9) + NH2NO(104) <=> NO_X(24) + NH3_X(22) Ea raised from -102.5 to 0.0 kJ/mol.
For reaction O2_ads(49) + NO_X(24) <=> X(1) + [Pt]OOON=[Pt](105), Ea raised from 341.4 to 342.6 kJ/mol to match endothermicity of reaction.
For reaction NO_X(24) + HOX(13) <=> X(1) + OON=[Pt](109), Ea raised from 196.9 to 198.3 kJ/mol to match endothermicity of reaction.
For reaction HOX(13) + HN-O_ads(80) <=> NO_X(24) + H2OX(14) Ea raised from -77.1 to 0.0 kJ/mol.
For reaction HX(9) + HONO(110) <=> NO_X(24) + H2OX(14) Ea raised from -94.8 to 0.0 kJ/mol.

Summary of Secondary Model Edge Enlargement
---------------------------------
Added 0 new core species
Created 14 new edge species
    NO2JX(103)
    NH2NO(104)
    [Pt]OOON=[Pt](105)
    NH2NO(106)
    NON=[Pt](107)
    HONO(108)
    OON=[Pt](109)
    HONO(110)
    [Pt]NN=O(111)
    NNOJJX(112)
    ONNO_cisXX(113)
    [Pt]=NOON=[Pt](114)
    O=NON=[Pt](115)
    ONNO_cis(116)
Added 0 new core reactions
Created 25 new edge reactions
    X(1) + NO2JX(103) <=> OX(10) + NO_X(24)
    HN-O_ads(80) + NH2_ads(30) <=> NO_X(24) + NH3_X(22)
    HX(9) + NH2NO(104) <=> NO_X(24) + NH3_X(22)
    O2_ads(49) + NO_X(24) <=> X(1) + [Pt]OOON=[Pt](105)
    NH_ads(60) + HN-O_ads(80) <=> NO_X(24) + NH2_ads(30)
    X(1) + X(1) + NH2NO(106) <=> NO_X(24) + NH2_ads(30)
    NO_X(24) + NH2_ads(30) <=> X(1) + NON=[Pt](107)
    X(1) + NH2NO(104) <=> NO_X(24) + NH2_ads(30)
    OX(10) + HN-O_ads(80) <=> NO_X(24) + HOX(13)
    X(1) + X(1) + HONO(108) <=> NO_X(24) + HOX(13)
    NO_X(24) + HOX(13) <=> X(1) + OON=[Pt](109)
    X(1) + HONO(110) <=> NO_X(24) + HOX(13)
    X(1) + X(1) + HNO(43) <=> NO_X(24) + HX(9)
    NO_X(24) + HX(9) <=> X(1) + NOH_ads(90)
    X(1) + HN-O_ads(80) <=> NO_X(24) + HX(9)
    HOX(13) + HN-O_ads(80) <=> NO_X(24) + H2OX(14)
    HX(9) + HONO(110) <=> NO_X(24) + H2OX(14)
    N_X(23) + HN-O_ads(80) <=> NO_X(24) + NH_ads(60)
    X(1) + [Pt]NN=O(111) <=> NO_X(24) + NH_ads(60)
    X(1) + NNOJJX(112) <=> N_X(23) + NO_X(24)
    X(1) + ONNO_cisXX(113) <=> NO_X(24) + NO-h_ads(87)
    NO_X(24) + NO-h_ads(87) <=> X(1) + [Pt]=NOON=[Pt](114)
    X(1) + X(1) + ONNO_cis(48) <=> NO_X(24) + NO_X(24)
    NO_X(24) + NO_X(24) <=> X(1) + O=NON=[Pt](115)
    X(1) + ONNO_cis(116) <=> NO_X(24) + NO_X(24)

After model enlargement:
    The model core has 21 species and 30 reactions
    The model edge has 98 species and 155 reactions


Saving current model core to Chemkin file...
Chemkin file contains 0 reactions.
Chemkin file contains 30 reactions.
Saving annotated version of Chemkin files...
Chemkin file contains 0 reactions.
Chemkin file contains 30 reactions.
Saving current model core and edge to Chemkin file...
Chemkin file contains 23 reactions.
Chemkin file contains 162 reactions.
Saving annotated version of Chemkin files...
Chemkin file contains 23 reactions.
Chemkin file contains 162 reactions.
Saving current model core to HTML file...
Saving current model edge to HTML file...
Updating RMG execution statistics...
    Execution time (DD:HH:MM:SS): 00:00:01:27
    Memory used: 850.51 MB
Generating plots of execution statistics...

Making seed mechanism...
Conducting simulation of reaction system 1...
Reached max number of objects...preparing to terminate
At time 1.0645e-05 s, species NN_ads(29) at rate ratio 0.10028955389587618 exceeded the minimum rate for moving to model core of 0.1
terminating simulation due to interrupt...


Adding species NN_ads(29) to model core

Summary of Model Enlargement
---------------------------------
Added 1 new core species
    NN_ads(29)
Created 0 new edge species
Moved 1 reactions from edge to core
    X(1) + N2(4) <=> NN_ads(29)
Added 0 new core reactions
Created 0 new edge reactions

After model enlargement:
    The model core has 22 species and 31 reactions
    The model edge has 97 species and 154 reactions


For reaction generation 1 process is used.
Generating thermo for new species...
Species [Pt]ON=N[Pt] renamed NNOJJXX based on thermo library name
Generating kinetics for new reactions...
For reaction NN_ads(29) + NH3_X(22) <=> N-NH_ads(73) + NH2_ads(30), Ea raised from 193.8 to 195.8 kJ/mol to match endothermicity of reaction.
For reaction O2_ads(49) + NN_ads(29) <=> OX(10) + NNOJJXX(117), Ea raised from 191.8 to 192.3 kJ/mol to match endothermicity of reaction.
For reaction NN_ads(29) + NH2_ads(30) <=> NH_ads(60) + N-NH_ads(73), Ea raised from 145.0 to 146.3 kJ/mol to match endothermicity of reaction.
For reaction NN_ads(29) + HOX(13) <=> X(1) + NNOHX(63), Ea raised from 223.1 to 225.7 kJ/mol to match endothermicity of reaction.
For reaction NN_ads(29) + HOX(13) <=> OX(10) + N-NH_ads(73), Ea raised from 133.6 to 136.1 kJ/mol to match endothermicity of reaction.
For reaction NN_ads(29) + HX(9) <=> X(1) + N-NH_ads(73), Ea raised from 145.1 to 146.5 kJ/mol to match endothermicity of reaction.
For reaction NN_ads(29) + H2OX(14) <=> HOX(13) + N-NH_ads(73), Ea raised from 225.8 to 226.6 kJ/mol to match endothermicity of reaction.
For reaction NN_ads(29) + H2OX(14) <=> HX(9) + NNOHX(63), Ea raised from 303.8 to 305.7 kJ/mol to match endothermicity of reaction.
For reaction NN_ads(29) + NH_ads(60) <=> N_X(23) + N-NH_ads(73), Ea raised from 168.8 to 169.3 kJ/mol to match endothermicity of reaction.
For reaction NO-h_ads(87) + NN_ads(29) <=> N_X(23) + NNOJJXX(117), Ea raised from 346.0 to 347.9 kJ/mol to match endothermicity of reaction.

Summary of Secondary Model Edge Enlargement
---------------------------------
Added 0 new core species
Created 1 new edge species
    NNOJJXX(117)
Added 0 new core reactions
Created 12 new edge reactions
    X(1) + NN_ads(29) <=> [Pt]N=N[Pt](28)
    NN_ads(29) + NH3_X(22) <=> N-NH_ads(73) + NH2_ads(30)
    O2_ads(49) + NN_ads(29) <=> X(1) + [Pt]OON=N[Pt](54)
    O2_ads(49) + NN_ads(29) <=> OX(10) + NNOJJXX(117)
    NN_ads(29) + NH2_ads(30) <=> NH_ads(60) + N-NH_ads(73)
    NN_ads(29) + HOX(13) <=> X(1) + NNOHX(63)
    NN_ads(29) + HOX(13) <=> OX(10) + N-NH_ads(73)
    NN_ads(29) + HX(9) <=> X(1) + N-NH_ads(73)
    NN_ads(29) + H2OX(14) <=> HOX(13) + N-NH_ads(73)
    NN_ads(29) + H2OX(14) <=> HX(9) + NNOHX(63)
    NN_ads(29) + NH_ads(60) <=> N_X(23) + N-NH_ads(73)
    NO-h_ads(87) + NN_ads(29) <=> N_X(23) + NNOJJXX(117)

After model enlargement:
    The model core has 22 species and 31 reactions
    The model edge has 98 species and 166 reactions


Saving current model core to Chemkin file...
Chemkin file contains 0 reactions.
Chemkin file contains 31 reactions.
Saving annotated version of Chemkin files...
Chemkin file contains 0 reactions.
Chemkin file contains 31 reactions.
Saving current model core and edge to Chemkin file...
Chemkin file contains 23 reactions.
Chemkin file contains 174 reactions.
Saving annotated version of Chemkin files...
Chemkin file contains 23 reactions.
Chemkin file contains 174 reactions.
Saving current model core to HTML file...
Saving current model edge to HTML file...
Updating RMG execution statistics...
    Execution time (DD:HH:MM:SS): 00:00:01:31
    Memory used: 868.32 MB
Generating plots of execution statistics...

Making seed mechanism...
Conducting simulation of reaction system 1...
Reached max number of objects...preparing to terminate
At time 2.3565e-07 s, species [Pt]N=N[Pt](28) at rate ratio 0.10023276644371397 exceeded the minimum rate for moving to model core of 0.1
terminating simulation due to interrupt...


Adding species [Pt]N=N[Pt](28) to model core

Summary of Model Enlargement
---------------------------------
Added 1 new core species
    [Pt]N=N[Pt](28)
Created 0 new edge species
Moved 4 reactions from edge to core
    X(1) + X(1) + N2(4) <=> [Pt]N=N[Pt](28)
    [Pt]N=N[Pt](28) <=> N_X(23) + N_X(23)
    N_X(23) + NO-h_ads(87) <=> OX(10) + [Pt]N=N[Pt](28)
    X(1) + NN_ads(29) <=> [Pt]N=N[Pt](28)
Added 0 new core reactions
Created 0 new edge reactions

After model enlargement:
    The model core has 23 species and 35 reactions
    The model edge has 97 species and 162 reactions


For reaction generation 1 process is used.
Generating thermo for new species...
Error: Could not update atomtypes for this molecule:
multiplicity 1
1 O u0 p2 c0 {2,S} {4,S}
2 N u1 p0 c0 {1,S} {3,T}
3 N u2 p0 c0 {2,T}
4 H u0 p0 c0 {1,S}

Species ON(N=[Pt])[Pt] renamed NNOHXX based on thermo library name
Generating kinetics for new reactions...
For reaction X(1) + [Pt]N=N[Pt](28) <=> [Pt]=NN([Pt])[Pt](118), Ea raised from 772.2 to 772.3 kJ/mol to match endothermicity of reaction.
For reaction O2_ads(49) + [Pt]N=N[Pt](28) <=> X(1) + [Pt]N(N=[Pt])OO[Pt](119), Ea raised from 804.9 to 806.1 kJ/mol to match endothermicity of reaction.
For reaction [Pt]N=N[Pt](28) + HOX(13) <=> X(1) + NNOHXX(120), Ea raised from 398.9 to 402.1 kJ/mol to match endothermicity of reaction.
For reaction [Pt]N=N[Pt](28) + HX(9) <=> X(1) + HN-N-h_ads(91), Ea raised from 194.0 to 199.1 kJ/mol to match endothermicity of reaction.

Summary of Secondary Model Edge Enlargement
---------------------------------
Added 0 new core species
Created 3 new edge species
    [Pt]=NN([Pt])[Pt](118)
    [Pt]N(N=[Pt])OO[Pt](119)
    NNOHXX(120)
Added 0 new core reactions
Created 5 new edge reactions
    X(1) + [Pt]N=N[Pt](28) <=> [Pt]=NN([Pt])[Pt](118)
    X(1) + NNOJJXX(117) <=> OX(10) + [Pt]N=N[Pt](28)
    O2_ads(49) + [Pt]N=N[Pt](28) <=> X(1) + [Pt]N(N=[Pt])OO[Pt](119)
    [Pt]N=N[Pt](28) + HOX(13) <=> X(1) + NNOHXX(120)
    [Pt]N=N[Pt](28) + HX(9) <=> X(1) + HN-N-h_ads(91)

After model enlargement:
    The model core has 23 species and 35 reactions
    The model edge has 100 species and 167 reactions


Saving current model core to Chemkin file...
Chemkin file contains 0 reactions.
Chemkin file contains 35 reactions.
Saving annotated version of Chemkin files...
Chemkin file contains 0 reactions.
Chemkin file contains 35 reactions.
Saving current model core and edge to Chemkin file...
Chemkin file contains 23 reactions.
Chemkin file contains 179 reactions.
Saving annotated version of Chemkin files...
Chemkin file contains 23 reactions.
Chemkin file contains 179 reactions.
Saving current model core to HTML file...
Saving current model edge to HTML file...
Updating RMG execution statistics...
    Execution time (DD:HH:MM:SS): 00:00:01:34
    Memory used: 888.69 MB
Generating plots of execution statistics...

Making seed mechanism...
Conducting simulation of reaction system 1...
Reached max number of objects...preparing to terminate
At time 5.3124e-03 s, species ONNO_cis(48) at rate ratio 0.100412955730083 exceeded the minimum rate for moving to model core of 0.1
terminating simulation due to interrupt...


Adding species ONNO_cis(48) to model core

Summary of Model Enlargement
---------------------------------
Added 1 new core species
    ONNO_cis(48)
Created 0 new edge species
Moved 2 reactions from edge to core
    NO(5) + NO(5) <=> ONNO_cis(48)
    X(1) + X(1) + ONNO_cis(48) <=> NO_X(24) + NO_X(24)
Added 0 new core reactions
Created 0 new edge reactions

After model enlargement:
    The model core has 24 species and 37 reactions
    The model edge has 99 species and 165 reactions


For reaction generation 1 process is used.
Generating thermo for new species...
Species [Pt][N+](=O)N([Pt])[O-] renamed ONNO_cisXX based on thermo library name
Generating kinetics for new reactions...

Summary of Secondary Model Edge Enlargement
---------------------------------
Added 0 new core species
Created 9 new edge species
    ONNO_cisXX(121)
    O[N]N=O(122)
    [O]NN=O(123)
    ON(N=O)O[Pt](124)
    OON(N=O)[Pt](125)
    [O-]N([N+](=O)O)[Pt](126)
    [Pt]ONN=O(127)
    ON(N=O)[Pt](128)
    [O-]N([NH+]=O)[Pt](129)
Added 0 new core reactions
Created 14 new edge reactions
    X(1) + X(1) + ONNO_cis(48) <=> ONNO_cisXX(113)
    X(1) + X(1) + ONNO_cis(48) <=> OX(10) + NNOJJX(112)
    X(1) + ONNO_cis(48) <=> ONNO_cis(116)
    X(1) + X(1) + ONNO_cis(48) <=> ONNO_cisXX(121)
    OH(D)(25) + O[N]N=O(122) <=> ONNO_cis(48) + H2O(3)
    OH(D)(25) + [O]NN=O(123) <=> ONNO_cis(48) + H2O(3)
    O[N]N=O(122) + NH2(D)(27) <=> ONNO_cis(48) + NH3(6)
    [O]NN=O(123) + NH2(D)(27) <=> ONNO_cis(48) + NH3(6)
    ONNO_cis(48) + HOX(13) <=> ON(N=O)O[Pt](124)
    ONNO_cis(48) + HOX(13) <=> OON(N=O)[Pt](125)
    ONNO_cis(48) + HOX(13) <=> [O-]N([N+](=O)O)[Pt](126)
    ONNO_cis(48) + HX(9) <=> [Pt]ONN=O(127)
    ONNO_cis(48) + HX(9) <=> ON(N=O)[Pt](128)
    ONNO_cis(48) + HX(9) <=> [O-]N([NH+]=O)[Pt](129)

After model enlargement:
    The model core has 24 species and 37 reactions
    The model edge has 108 species and 179 reactions


Saving current model core to Chemkin file...
Chemkin file contains 1 reactions.
Chemkin file contains 36 reactions.
Saving annotated version of Chemkin files...
Chemkin file contains 1 reactions.
Chemkin file contains 36 reactions.
Saving current model core and edge to Chemkin file...
Chemkin file contains 27 reactions.
Chemkin file contains 189 reactions.
Saving annotated version of Chemkin files...
Chemkin file contains 27 reactions.
Chemkin file contains 189 reactions.
Saving current model core to HTML file...
Saving current model edge to HTML file...
Updating RMG execution statistics...
    Execution time (DD:HH:MM:SS): 00:00:01:40
    Memory used: 914.62 MB
Generating plots of execution statistics...

Making seed mechanism...
Conducting simulation of reaction system 1...
Reached max number of objects...preparing to terminate
At time 9.7954e-03 s, species ONOOJ(37) at rate ratio 0.10055823126723996 exceeded the minimum rate for moving to model core of 0.1
terminating simulation due to interrupt...


Adding species ONOOJ(37) to model core

Summary of Model Enlargement
---------------------------------
Added 1 new core species
    ONOOJ(37)
Created 0 new edge species
Moved 1 reactions from edge to core
    O2(2) + NO(5) <=> ONOOJ(37)
Added 0 new core reactions
Created 0 new edge reactions

After model enlargement:
    The model core has 25 species and 38 reactions
    The model edge has 107 species and 178 reactions


For reaction generation 1 process is used.
Generating thermo for new species...
Species [O]N=O renamed NO2J based on thermo library name
Species [O] renamed O(T) based on thermo library name
Error: Could not update atomtypes for this molecule:
multiplicity 2
1 O u0 p2 c0 {3,S} {4,S}
2 O u1 p1 c0 {4,T}
3 O u1 p2 c0 {1,S}
4 N u1 p0 c0 {1,S} {2,T}

Error: Could not update atomtypes for this molecule:
multiplicity 2
1 O u0 p2 c0 {3,S} {4,S}
2 O u0 p1 c+1 {4,T}
3 O u1 p2 c0 {1,S}
4 N u0 p1 c-1 {1,S} {2,T}

Species [O]ON(O[Pt])[Pt] renamed ONOOJXX based on thermo library name
Species [Pt]OON=O renamed ONOOJX based on thermo library name
Species OON=O renamed ONOOH based on thermo library name
Generating kinetics for new reactions...
For reaction ONOOJ(37) <=> [O]N1OO1(133), Ea raised from 146.6 to 150.5 kJ/mol to match endothermicity of reaction.
For reaction OH(D)(25) + ONOOH(138) <=> ONOOJ(37) + H2O(3) Ea raised from -1.8 to -1.8 kJ/mol.

Summary of Secondary Model Edge Enlargement
---------------------------------
Added 0 new core species
Created 12 new edge species
    O(T)(131)
    NO2J(130)
    [N]1OOO1(132)
    [O]N1OO1(133)
    ONOOJXX(134)
    ONOOJX(135)
    [O]O[N]O(136)
    [O]ON[O](137)
    ONOOH(138)
    [O-]O[NH+]=O(139)
    NONO[O](140)
    [O]ON(O)N(141)
Added 0 new core reactions
Created 15 new edge reactions
    O(T)(131) + NO2J(130) <=> ONOOJ(37)
    ONOOJ(37) <=> [N]1OOO1(132)
    ONOOJ(37) <=> [O]N1OO1(133)
    X(1) + X(1) + ONOOJ(37) <=> ONOOJXX(134)
    X(1) + ONOOJ(37) <=> ONOOJX(135)
    OH(D)(25) + [O]O[N]O(136) <=> ONOOJ(37) + H2O(3)
    OH(D)(25) + [O]ON[O](137) <=> ONOOJ(37) + H2O(3)
    OH(D)(25) + ONOOH(138) <=> ONOOJ(37) + H2O(3)
    OH(D)(25) + [O-]O[NH+]=O(139) <=> ONOOJ(37) + H2O(3)
    NONO[O](140) <=> ONOOJ(37) + NH3(6)
    [O]ON(O)N(141) <=> ONOOJ(37) + NH3(6)
    [O]O[N]O(136) + NH2(D)(27) <=> ONOOJ(37) + NH3(6)
    [O]ON[O](137) + NH2(D)(27) <=> ONOOJ(37) + NH3(6)
    ONOOH(138) + NH2(D)(27) <=> ONOOJ(37) + NH3(6)
    [O-]O[NH+]=O(139) + NH2(D)(27) <=> ONOOJ(37) + NH3(6)

After model enlargement:
    The model core has 25 species and 38 reactions
    The model edge has 119 species and 193 reactions


Saving current model core to Chemkin file...
Chemkin file contains 2 reactions.
Chemkin file contains 36 reactions.
Saving annotated version of Chemkin files...
Chemkin file contains 2 reactions.
Chemkin file contains 36 reactions.
Saving current model core and edge to Chemkin file...
Chemkin file contains 40 reactions.
Chemkin file contains 191 reactions.
Saving annotated version of Chemkin files...
Chemkin file contains 40 reactions.
Chemkin file contains 191 reactions.
Saving current model core to HTML file...
Saving current model edge to HTML file...
Updating RMG execution statistics...
    Execution time (DD:HH:MM:SS): 00:00:01:47
    Memory used: 838.20 MB
Generating plots of execution statistics...

Making seed mechanism...
Conducting simulation of reaction system 1...
At time 1.3057e+06 s, reached target termination conversion: 0.990000 of NH3(6)
    NH3(6) conversion: 0.9901    


For reaction generation 1 process is used.

Summary of Secondary Model Edge Enlargement
---------------------------------
Added 0 new core species
Created 0 new edge species
Added 0 new core reactions
Created 0 new edge reactions

After model enlargement:
    The model core has 25 species and 38 reactions
    The model edge has 119 species and 193 reactions


Saving current model core to Chemkin file...
Chemkin file contains 2 reactions.
Chemkin file contains 36 reactions.
Saving annotated version of Chemkin files...
Chemkin file contains 2 reactions.
Chemkin file contains 36 reactions.
Saving current model core and edge to Chemkin file...
Chemkin file contains 40 reactions.
Chemkin file contains 191 reactions.
Saving annotated version of Chemkin files...
Chemkin file contains 40 reactions.
Chemkin file contains 191 reactions.
Saving current model core to HTML file...
Saving current model edge to HTML file...
Updating RMG execution statistics...
    Execution time (DD:HH:MM:SS): 00:00:01:52
    Memory used: 842.90 MB
Generating plots of execution statistics...

Making seed mechanism...
Performing final model checks...


Warning: 1 CORE reactions violate the collision rate limit!
See the 'collision_rate_violators.log' for details.



MODEL GENERATION COMPLETED

The final model core has 25 species and 38 reactions
The final model edge has 119 species and 193 reactions

RMG execution terminated at Tue Jun  8 21:53:55 2021
