Global RMG Settings:
   database.directory   = /Users/lee.ting/Code/RMG-database/input (Default, relative to RMG-Py source code)
   test_data.directory  = /Users/lee.ting/Code/RMG-Py/rmgpy/test_data (Default, relative to RMG-Py source code)
RMG execution initiated at Tue Jun  8 21:50:55 2021

#########################################################
# RMG-Py - Reaction Mechanism Generator in Python       #
# Version: 3.1.0                                        #
# Authors: RMG Developers (rmg_dev@mit.edu)             #
# P.I.s:   William H. Green (whgreen@mit.edu)           #
#          Richard H. West (r.west@neu.edu)             #
# Website: http://reactionmechanismgenerator.github.io/ #
#########################################################

The current git HEAD for RMG-Py is:
	b'b4c8391daf8476b780e8a83f6efde434a6bd1711'
	b'Sat Jun 5 00:16:11 2021 -0400'

The current git HEAD for RMG-database is:
	b'33b14baf60463f19a1bbb9d802c958986cbbcc88'
	b'Fri May 14 12:17:20 2021 -0400'

Reading input file "/Users/lee.ting/Code/Test/Rebrov/master/673K/673K_O088N0066/input.py"...
# Microkinetic model for ammonia oxidation
# E.V. Rebrov, M.H.J.M. de Croon, J.C. Schouten
# Development of the kinetic model of platinum catalyzed ammonia oxidation in a microreactor
# Chemical Engineering Journal 90 (2002) 61–76

database(
    thermoLibraries=['surfaceThermoPt111', 'primaryThermoLibrary', 'thermo_DFT_CCSDTF12_BAC','DFT_QCI_thermo', 'GRI-Mech3.0-N', 'NitrogenCurran', 'primaryNS', 'CHON'],
    reactionLibraries = ['Surface/CPOX_Pt/Deutschmann2006','Nitrogen'],
    seedMechanisms = [],
    kineticsDepositories = ['training'],
    kineticsFamilies = ['surface','default'],
    kineticsEstimator = 'rate rules',
)

catalystProperties(
    metal = 'Pt111'
)

generatedSpeciesConstraints(
    allowed=['input species','seed mechanisms','reaction libraries'],
    maximumNitrogenAtoms=2,
    maximumOxygenAtoms=3,
)

# List of species
species(
    label='X',
    reactive=True,
    structure=adjacencyList("1 X u0"),
)

species(
    label='O2',
    reactive=True,
    structure=adjacencyList(
"""
multiplicity 3
1 O u1 p2 c0 {2,S}
2 O u1 p2 c0 {1,S}
"""),
)

species(
    label='H2O',
    reactive=True,
    structure=SMILES("O"),
)

species(
    label='N2',
    reactive=True,
    structure=SMILES("N#N"),
)

species(
    label='NO',
    reactive=True,
    structure=adjacencyList(
"""
multiplicity 2
1 N u1 p1 c0 {2,D}
2 O u0 p2 c0 {1,D}
"""),
)

species(
    label='NH3',
    reactive=True,
    structure=adjacencyList(
"""
1 N u0 p1 c0 {2,S} {3,S} {4,S}
2 H u0 p0 c0 {1,S}
3 H u0 p0 c0 {1,S}
4 H u0 p0 c0 {1,S}
"""),
)

species(
    label='N2O',
    reactive=True,
    structure=adjacencyList(
"""
1 N u0 p2 c-1 {2,D}
2 N u0 p0 c+1 {1,D} {3,D}
3 O u0 p2 c0 {2,D}
"""),
)

species(
    label='He',
    reactive=False,
    structure=adjacencyList(
"""
1 He u0 p1 c0
"""),
)

#-------------

#temperature from 523-673K 
surfaceReactor(  
    temperature=(673,'K'),
    initialPressure=(1.0, 'bar'),
    nSims=12,
    initialGasMoleFractions={
        "NH3": 0.066,
        "O2": 0.88,
        "He": 0.054,
        "NO":0.0,
        "H2O":0.0,
        "N2O":0.0,
        "N2":0.0,
    },
    initialSurfaceCoverages={
        "X": 1.0,
    },
    surfaceVolumeRatio=(2.8571428e4, 'm^-1'), #A/V = 280µm*π*9mm/140µm*140µm*π*9mm = 2.8571428e4^m-1
    terminationConversion = {"NH3":0.99,},
    #terminationTime=(10, 's'),
)

simulator( #default for surface reaction atol=1e-18,rtol=1e-12
    atol=1e-18, #absolute tolerance are 1e-15 to 1e-25
    rtol=1e-12, #relative tolerance is usually 1e-4 to 1e-8
)

model( 
    toleranceKeepInEdge=0.01, #recommend setting toleranceKeepInEdge to not be larger than 10% of toleranceMoveToCore
    toleranceMoveToCore=0.1, 
    toleranceInterruptSimulation=1e8, #This value should be set to be equal to toleranceMoveToCore unless the advanced pruning feature is desired
    #to always enable pruning should be set as a high value, e.g. 1e8
    maximumEdgeSpecies=5000, #set up less than 200000
    minCoreSizeForPrune=50, #default value
    #toleranceThermoKeepSpeciesInEdge=0.5, 
    minSpeciesExistIterationsForPrune=2, #default value = 2 iteration
)

options(
    units='si',
    saveRestartPeriod=None,
    generateOutputHTML=True,
    generatePlots=True, 
    saveEdgeSpecies=True,
    saveSimulationProfiles=True,
)
Using catalyst surface properties from metal 'Pt111'.
Using binding energies:
{'H': (-2.75368,'eV/molecule'), 'C': (-7.02516,'eV/molecule'), 'N': (-4.63225,'eV/molecule'), 'O': (-3.81153,'eV/molecule')}
Using surface site density: (2.483e-09,'mol/cm^2')

Surface reaction system 1
Gas phase mole fractions:
  NH3                  0.066
  O2                   0.88
  He                   0.054
  NO                   0
  H2O                  0
  N2O                  0
  N2                   0
Total gas phase:          1 moles
Pressure:                 1e+05 Pa
Temperature:              673.0 K
Reactor volume:           0.056 m3
Surface/volume ratio:     2.86e+04 m2/m3
Surface site density:     2.48e-05 mol/m2
Surface sites in reactor: 0.0397 moles
Initial surface coverages (and amounts):
  X                  1 = 0.039697 moles
Warning: Generate Output HTML option was turned on. Note that this will slow down model generation.
Warning: Edge species saving was turned on. This will slow down model generation for large simulations.

Loading transport library from GRI-Mech.py in /Users/lee.ting/Code/RMG-database/input/transport/libraries...
Loading transport library from OneDMinN2.py in /Users/lee.ting/Code/RMG-database/input/transport/libraries...
Loading transport library from NOx2018.py in /Users/lee.ting/Code/RMG-database/input/transport/libraries...
Loading transport library from NIST_Fluorine.py in /Users/lee.ting/Code/RMG-database/input/transport/libraries...
Loading transport library from PrimaryTransportLibrary.py in /Users/lee.ting/Code/RMG-database/input/transport/libraries...
Loading transport group database from /Users/lee.ting/Code/RMG-database/input/transport/groups...
Loading kinetics library Surface/CPOX_Pt/Deutschmann2006 from /Users/lee.ting/Code/RMG-database/input/kinetics/libraries/Surface/CPOX_Pt/Deutschmann2006/reactions.py...
